---------------------------------------------------------------
[ 2019-05-12T10:56:30+08:00 ] 0.0.0.0 POST /qipai/public/admin.php/admin/index/cleancache
[ info ] localhost/qipai/public/admin.php/admin/index/cleancache [运行时间：0.488560s][吞吐率：2.05req/s] [内存消耗：3,193.92kb] [文件加载：53]
[ info ] [ LANG ] C:\inetpub\wwwroot\qipai\thinkphp\lang\zh-cn.php
[ info ] [ ROUTE ] array (
  'type' => 'module',
  'module' => 
  array (
    0 => 'admin',
    1 => 'index',
    2 => 'cleancache',
  ),
)
[ info ] [ HEADER ] array (
  'content-type' => '',
  'content-length' => '0',
  'x-requested-with' => 'XMLHttpRequest',
  'origin' => 'http://localhost',
  'user-agent' => 'Mozilla/5.0 (Windows NT 10.0; Win64; x64) AppleWebKit/537.36 (KHTML, like Gecko) Chrome/74.0.3729.131 Safari/537.36',
  'referer' => 'http://localhost/qipai/public/admin.php/admin/top_info/index',
  'host' => 'localhost',
  'cookie' => 'PHPSESSID=3vm5mgjg1eb2qodqv396f37elj',
  'accept-language' => 'en-US,en;q=0.9,zh-CN;q=0.8,zh;q=0.7',
  'accept-encoding' => 'gzip, deflate, br',
  'accept' => '*/*',
  'connection' => 'keep-alive',
)
[ info ] [ PARAM ] array (
)
[ info ] [ SESSION ] INIT array (
  'id' => '',
  'var_session_id' => '',
  'prefix' => 'think',
  'type' => '',
  'auto_start' => true,
)
[ info ] [ DB ] INIT mysql
[ info ] [ RUN ] app\admin\controller\Index->cleanCache[ C:\inetpub\wwwroot\qipai\application\admin\controller\Index.php ]
[ info ] [ LOG ] INIT File
[ sql ] [ DB ] CONNECT:[ UseTime:0.009744s ] mysql:host=127.0.0.1;port=3306;dbname=qipai;charset=utf8
[ sql ] [ SQL ] SHOW COLUMNS FROM `setting` [ RunTime:0.000930s ]
[ sql ] [ SQL ] SELECT * FROM `setting` WHERE  `name` = 'menu_tree' LIMIT 1 [ RunTime:0.000435s ]
---------------------------------------------------------------
[ 2019-05-12T10:57:17+08:00 ] 0.0.0.0 GET /qipai/public/admin.php/admin/group/index
[ info ] localhost/qipai/public/admin.php/admin/group/index [运行时间：0.538875s][吞吐率：1.86req/s] [内存消耗：3,543.61kb] [文件加载：58]
[ info ] [ LANG ] C:\inetpub\wwwroot\qipai\thinkphp\lang\zh-cn.php
[ info ] [ ROUTE ] array (
  'type' => 'module',
  'module' => 
  array (
    0 => 'admin',
    1 => 'group',
    2 => 'index',
  ),
)
[ info ] [ HEADER ] array (
  'content-type' => '',
  'content-length' => '0',
  'upgrade-insecure-requests' => '1',
  'user-agent' => 'Mozilla/5.0 (Windows NT 10.0; Win64; x64) AppleWebKit/537.36 (KHTML, like Gecko) Chrome/74.0.3729.131 Safari/537.36',
  'host' => 'localhost',
  'cookie' => 'PHPSESSID=3vm5mgjg1eb2qodqv396f37elj',
  'accept-language' => 'en-US,en;q=0.9,zh-CN;q=0.8,zh;q=0.7',
  'accept-encoding' => 'gzip, deflate, br',
  'accept' => 'text/html,application/xhtml+xml,application/xml;q=0.9,image/webp,image/apng,*/*;q=0.8,application/signed-exchange;v=b3',
  'connection' => 'keep-alive',
)
[ info ] [ PARAM ] array (
)
[ info ] [ SESSION ] INIT array (
  'id' => '',
  'var_session_id' => '',
  'prefix' => 'think',
  'type' => '',
  'auto_start' => true,
)
[ info ] [ DB ] INIT mysql
[ info ] [ RUN ] app\admin\controller\Group->index[ C:\inetpub\wwwroot\qipai\application\admin\controller\Group.php ]
[ info ] [ VIEW ] C:\inetpub\wwwroot\qipai\public/../application/admin\view\group\index.html [ array (
  0 => 'menu_tree',
  1 => 'data',
) ]
[ info ] [ LOG ] INIT File
[ sql ] [ DB ] CONNECT:[ UseTime:0.001404s ] mysql:host=127.0.0.1;port=3306;dbname=qipai;charset=utf8
[ sql ] [ SQL ] SHOW COLUMNS FROM `setting` [ RunTime:0.001488s ]
[ sql ] [ SQL ] SELECT * FROM `setting` WHERE  `name` = 'menu_tree' LIMIT 1 [ RunTime:0.000792s ]
[ sql ] [ SQL ] SHOW COLUMNS FROM `auth_group` [ RunTime:0.001201s ]
[ sql ] [ SQL ] SELECT * FROM `auth_group` [ RunTime:0.000561s ]
---------------------------------------------------------------
[ 2019-05-12T10:57:19+08:00 ] 0.0.0.0 GET /qipai/public/admin.php/admin/group/favicon.ico
[ info ] localhost/qipai/public/admin.php/admin/group/favicon.ico [运行时间：0.443564s][吞吐率：2.25req/s] [内存消耗：3,284.80kb] [文件加载：55]
[ info ] [ LANG ] C:\inetpub\wwwroot\qipai\thinkphp\lang\zh-cn.php
[ info ] [ ROUTE ] array (
  'type' => 'module',
  'module' => 
  array (
    0 => 'admin',
    1 => 'group',
    2 => 'favicon',
  ),
)
[ info ] [ HEADER ] array (
  'content-type' => '',
  'content-length' => '0',
  'user-agent' => 'Mozilla/5.0 (Windows NT 10.0; Win64; x64) AppleWebKit/537.36 (KHTML, like Gecko) Chrome/74.0.3729.131 Safari/537.36',
  'referer' => 'http://localhost/qipai/public/admin.php/admin/group/index',
  'host' => 'localhost',
  'cookie' => 'PHPSESSID=3vm5mgjg1eb2qodqv396f37elj',
  'accept-language' => 'en-US,en;q=0.9,zh-CN;q=0.8,zh;q=0.7',
  'accept-encoding' => 'gzip, deflate, br',
  'accept' => 'image/webp,image/apng,image/*,*/*;q=0.8',
  'connection' => 'keep-alive',
)
[ info ] [ PARAM ] array (
)
[ info ] [ SESSION ] INIT array (
  'id' => '',
  'var_session_id' => '',
  'prefix' => 'think',
  'type' => '',
  'auto_start' => true,
)
[ info ] [ DB ] INIT mysql
[ info ] [ RUN ] app\admin\controller\Group->_empty[ C:\inetpub\wwwroot\qipai\application\admin\controller\Group.php ]
[ info ] [ LOG ] INIT File
[ sql ] [ DB ] CONNECT:[ UseTime:0.000981s ] mysql:host=127.0.0.1;port=3306;dbname=qipai;charset=utf8
[ sql ] [ SQL ] SHOW COLUMNS FROM `setting` [ RunTime:0.000805s ]
[ sql ] [ SQL ] SELECT * FROM `setting` WHERE  `name` = 'menu_tree' LIMIT 1 [ RunTime:0.000420s ]
---------------------------------------------------------------
[ 2019-05-12T10:57:20+08:00 ] 0.0.0.0 GET /qipai/public/admin.php/admin/group/index
[ info ] localhost/qipai/public/admin.php/admin/group/index [运行时间：0.443843s][吞吐率：2.25req/s] [内存消耗：3,366.95kb] [文件加载：56]
[ info ] [ LANG ] C:\inetpub\wwwroot\qipai\thinkphp\lang\zh-cn.php
[ info ] [ ROUTE ] array (
  'type' => 'module',
  'module' => 
  array (
    0 => 'admin',
    1 => 'group',
    2 => 'index',
  ),
)
[ info ] [ HEADER ] array (
  'content-type' => '',
  'content-length' => '0',
  'user-agent' => 'Mozilla/5.0 (Windows NT 10.0; Win64; x64) AppleWebKit/537.36 (KHTML, like Gecko) Chrome/74.0.3729.131 Safari/537.36',
  'referer' => 'http://localhost/qipai/public/admin.php/admin/group/index',
  'host' => 'localhost',
  'cookie' => 'PHPSESSID=3vm5mgjg1eb2qodqv396f37elj',
  'accept-language' => 'en-US,en;q=0.9,zh-CN;q=0.8,zh;q=0.7',
  'accept-encoding' => 'gzip, deflate, br',
  'accept' => 'image/webp,image/apng,image/*,*/*;q=0.8',
  'connection' => 'keep-alive',
)
[ info ] [ PARAM ] array (
)
[ info ] [ SESSION ] INIT array (
  'id' => '',
  'var_session_id' => '',
  'prefix' => 'think',
  'type' => '',
  'auto_start' => true,
)
[ info ] [ DB ] INIT mysql
[ info ] [ RUN ] app\admin\controller\Group->index[ C:\inetpub\wwwroot\qipai\application\admin\controller\Group.php ]
[ info ] [ VIEW ] C:\inetpub\wwwroot\qipai\public/../application/admin\view\group\index.html [ array (
  0 => 'menu_tree',
  1 => 'data',
) ]
[ info ] [ LOG ] INIT File
[ sql ] [ DB ] CONNECT:[ UseTime:0.001287s ] mysql:host=127.0.0.1;port=3306;dbname=qipai;charset=utf8
[ sql ] [ SQL ] SHOW COLUMNS FROM `setting` [ RunTime:0.001209s ]
[ sql ] [ SQL ] SELECT * FROM `setting` WHERE  `name` = 'menu_tree' LIMIT 1 [ RunTime:0.000701s ]
[ sql ] [ SQL ] SHOW COLUMNS FROM `auth_group` [ RunTime:0.000972s ]
[ sql ] [ SQL ] SELECT * FROM `auth_group` [ RunTime:0.000579s ]
---------------------------------------------------------------
[ 2019-05-12T10:58:01+08:00 ] 0.0.0.0 GET /qipai/public/admin.php/admin/rule/index
[ info ] localhost/qipai/public/admin.php/admin/rule/index [运行时间：0.551318s][吞吐率：1.81req/s] [内存消耗：3,477.55kb] [文件加载：56]
[ info ] [ LANG ] C:\inetpub\wwwroot\qipai\thinkphp\lang\zh-cn.php
[ info ] [ ROUTE ] array (
  'type' => 'module',
  'module' => 
  array (
    0 => 'admin',
    1 => 'rule',
    2 => 'index',
  ),
)
[ info ] [ HEADER ] array (
  'content-type' => '',
  'content-length' => '0',
  'upgrade-insecure-requests' => '1',
  'user-agent' => 'Mozilla/5.0 (Windows NT 10.0; Win64; x64) AppleWebKit/537.36 (KHTML, like Gecko) Chrome/74.0.3729.131 Safari/537.36',
  'host' => 'localhost',
  'cookie' => 'PHPSESSID=3vm5mgjg1eb2qodqv396f37elj',
  'accept-language' => 'en-US,en;q=0.9,zh-CN;q=0.8,zh;q=0.7',
  'accept-encoding' => 'gzip, deflate, br',
  'accept' => 'text/html,application/xhtml+xml,application/xml;q=0.9,image/webp,image/apng,*/*;q=0.8,application/signed-exchange;v=b3',
  'connection' => 'keep-alive',
)
[ info ] [ PARAM ] array (
)
[ info ] [ SESSION ] INIT array (
  'id' => '',
  'var_session_id' => '',
  'prefix' => 'think',
  'type' => '',
  'auto_start' => true,
)
[ info ] [ DB ] INIT mysql
[ info ] [ RUN ] app\admin\controller\Rule->index[ C:\inetpub\wwwroot\qipai\application\admin\controller\Rule.php ]
[ info ] [ VIEW ] C:\inetpub\wwwroot\qipai\public/../application/admin\view\rule\index.html [ array (
  0 => 'menu_tree',
) ]
[ info ] [ LOG ] INIT File
[ sql ] [ DB ] CONNECT:[ UseTime:0.011227s ] mysql:host=127.0.0.1;port=3306;dbname=qipai;charset=utf8
[ sql ] [ SQL ] SHOW COLUMNS FROM `setting` [ RunTime:0.000987s ]
[ sql ] [ SQL ] SELECT * FROM `setting` WHERE  `name` = 'menu_tree' LIMIT 1 [ RunTime:0.000498s ]
---------------------------------------------------------------
[ 2019-05-12T10:58:03+08:00 ] 0.0.0.0 GET /qipai/public/admin.php/admin/rule/undefinedcss/modules/laydate/default/laydate.css?v=5.0.9
[ info ] localhost/qipai/public/admin.php/admin/rule/undefinedcss/modules/laydate/default/laydate.css?v=5.0.9 [运行时间：0.441250s][吞吐率：2.27req/s] [内存消耗：3,282.27kb] [文件加载：55]
[ info ] [ LANG ] C:\inetpub\wwwroot\qipai\thinkphp\lang\zh-cn.php
[ info ] [ ROUTE ] array (
  'type' => 'module',
  'module' => 
  array (
    0 => 'admin',
    1 => 'rule',
    2 => 'undefinedcss',
  ),
)
[ info ] [ HEADER ] array (
  'content-type' => '',
  'content-length' => '0',
  'user-agent' => 'Mozilla/5.0 (Windows NT 10.0; Win64; x64) AppleWebKit/537.36 (KHTML, like Gecko) Chrome/74.0.3729.131 Safari/537.36',
  'referer' => 'http://localhost/qipai/public/admin.php/admin/rule/index',
  'host' => 'localhost',
  'cookie' => 'PHPSESSID=3vm5mgjg1eb2qodqv396f37elj',
  'accept-language' => 'en-US,en;q=0.9,zh-CN;q=0.8,zh;q=0.7',
  'accept-encoding' => 'gzip, deflate, br',
  'accept' => 'text/css,*/*;q=0.1',
  'connection' => 'keep-alive',
)
[ info ] [ PARAM ] array (
  'v' => '5.0.9',
  'modules' => 'laydate',
  'default' => 'laydate',
)
[ info ] [ SESSION ] INIT array (
  'id' => '',
  'var_session_id' => '',
  'prefix' => 'think',
  'type' => '',
  'auto_start' => true,
)
[ info ] [ DB ] INIT mysql
[ info ] [ RUN ] app\admin\controller\Rule->_empty[ C:\inetpub\wwwroot\qipai\application\admin\controller\Rule.php ]
[ info ] [ LOG ] INIT File
[ sql ] [ DB ] CONNECT:[ UseTime:0.001224s ] mysql:host=127.0.0.1;port=3306;dbname=qipai;charset=utf8
[ sql ] [ SQL ] SHOW COLUMNS FROM `setting` [ RunTime:0.001235s ]
[ sql ] [ SQL ] SELECT * FROM `setting` WHERE  `name` = 'menu_tree' LIMIT 1 [ RunTime:0.000586s ]
---------------------------------------------------------------
[ 2019-05-12T10:58:04+08:00 ] 0.0.0.0 GET /qipai/public/admin.php/admin/rule/getrulejsondata
[ info ] localhost/qipai/public/admin.php/admin/rule/getrulejsondata [运行时间：0.983847s][吞吐率：1.02req/s] [内存消耗：3,254.20kb] [文件加载：54]
[ info ] [ LANG ] C:\inetpub\wwwroot\qipai\thinkphp\lang\zh-cn.php
[ info ] [ ROUTE ] array (
  'type' => 'module',
  'module' => 
  array (
    0 => 'admin',
    1 => 'rule',
    2 => 'getrulejsondata',
  ),
)
[ info ] [ HEADER ] array (
  'content-type' => '',
  'content-length' => '0',
  'x-requested-with' => 'XMLHttpRequest',
  'user-agent' => 'Mozilla/5.0 (Windows NT 10.0; Win64; x64) AppleWebKit/537.36 (KHTML, like Gecko) Chrome/74.0.3729.131 Safari/537.36',
  'referer' => 'http://localhost/qipai/public/admin.php/admin/rule/index',
  'host' => 'localhost',
  'cookie' => 'PHPSESSID=3vm5mgjg1eb2qodqv396f37elj',
  'accept-language' => 'en-US,en;q=0.9,zh-CN;q=0.8,zh;q=0.7',
  'accept-encoding' => 'gzip, deflate, br',
  'accept' => 'application/json, text/javascript, */*; q=0.01',
  'connection' => 'keep-alive',
)
[ info ] [ PARAM ] array (
)
[ info ] [ SESSION ] INIT array (
  'id' => '',
  'var_session_id' => '',
  'prefix' => 'think',
  'type' => '',
  'auto_start' => true,
)
[ info ] [ DB ] INIT mysql
[ info ] [ RUN ] app\admin\controller\Rule->getRuleJsonData[ C:\inetpub\wwwroot\qipai\application\admin\controller\Rule.php ]
[ info ] [ LOG ] INIT File
[ sql ] [ DB ] CONNECT:[ UseTime:0.011324s ] mysql:host=127.0.0.1;port=3306;dbname=qipai;charset=utf8
[ sql ] [ SQL ] SHOW COLUMNS FROM `setting` [ RunTime:0.001119s ]
[ sql ] [ SQL ] SELECT * FROM `setting` WHERE  `name` = 'menu_tree' LIMIT 1 [ RunTime:0.000668s ]
[ sql ] [ SQL ] SHOW COLUMNS FROM `auth_rule` [ RunTime:0.010242s ]
[ sql ] [ SQL ] SELECT * FROM `auth_rule` [ RunTime:0.000658s ]
---------------------------------------------------------------
[ 2019-05-12T10:58:04+08:00 ] 0.0.0.0 GET /qipai/public/admin.php/admin/rule/index
[ info ] localhost/qipai/public/admin.php/admin/rule/index [运行时间：0.879850s][吞吐率：1.14req/s] [内存消耗：3,300.78kb] [文件加载：54]
[ info ] [ LANG ] C:\inetpub\wwwroot\qipai\thinkphp\lang\zh-cn.php
[ info ] [ ROUTE ] array (
  'type' => 'module',
  'module' => 
  array (
    0 => 'admin',
    1 => 'rule',
    2 => 'index',
  ),
)
[ info ] [ HEADER ] array (
  'content-type' => '',
  'content-length' => '0',
  'user-agent' => 'Mozilla/5.0 (Windows NT 10.0; Win64; x64) AppleWebKit/537.36 (KHTML, like Gecko) Chrome/74.0.3729.131 Safari/537.36',
  'referer' => 'http://localhost/qipai/public/admin.php/admin/rule/index',
  'host' => 'localhost',
  'cookie' => 'PHPSESSID=3vm5mgjg1eb2qodqv396f37elj',
  'accept-language' => 'en-US,en;q=0.9,zh-CN;q=0.8,zh;q=0.7',
  'accept-encoding' => 'gzip, deflate, br',
  'accept' => 'text/css,*/*;q=0.1',
  'connection' => 'keep-alive',
)
[ info ] [ PARAM ] array (
)
[ info ] [ SESSION ] INIT array (
  'id' => '',
  'var_session_id' => '',
  'prefix' => 'think',
  'type' => '',
  'auto_start' => true,
)
[ info ] [ DB ] INIT mysql
[ info ] [ RUN ] app\admin\controller\Rule->index[ C:\inetpub\wwwroot\qipai\application\admin\controller\Rule.php ]
[ info ] [ VIEW ] C:\inetpub\wwwroot\qipai\public/../application/admin\view\rule\index.html [ array (
  0 => 'menu_tree',
) ]
[ info ] [ LOG ] INIT File
[ sql ] [ DB ] CONNECT:[ UseTime:0.001640s ] mysql:host=127.0.0.1;port=3306;dbname=qipai;charset=utf8
[ sql ] [ SQL ] SHOW COLUMNS FROM `setting` [ RunTime:0.001506s ]
[ sql ] [ SQL ] SELECT * FROM `setting` WHERE  `name` = 'menu_tree' LIMIT 1 [ RunTime:0.000695s ]
---------------------------------------------------------------
[ 2019-05-12T10:58:06+08:00 ] 0.0.0.0 GET /qipai/public/admin.php/admin/rule/favicon.ico
[ info ] localhost/qipai/public/admin.php/admin/rule/favicon.ico [运行时间：0.483228s][吞吐率：2.07req/s] [内存消耗：3,281.25kb] [文件加载：55]
[ info ] [ LANG ] C:\inetpub\wwwroot\qipai\thinkphp\lang\zh-cn.php
[ info ] [ ROUTE ] array (
  'type' => 'module',
  'module' => 
  array (
    0 => 'admin',
    1 => 'rule',
    2 => 'favicon',
  ),
)
[ info ] [ HEADER ] array (
  'content-type' => '',
  'content-length' => '0',
  'user-agent' => 'Mozilla/5.0 (Windows NT 10.0; Win64; x64) AppleWebKit/537.36 (KHTML, like Gecko) Chrome/74.0.3729.131 Safari/537.36',
  'referer' => 'http://localhost/qipai/public/admin.php/admin/rule/index',
  'host' => 'localhost',
  'cookie' => 'PHPSESSID=3vm5mgjg1eb2qodqv396f37elj',
  'accept-language' => 'en-US,en;q=0.9,zh-CN;q=0.8,zh;q=0.7',
  'accept-encoding' => 'gzip, deflate, br',
  'accept' => 'image/webp,image/apng,image/*,*/*;q=0.8',
  'connection' => 'keep-alive',
)
[ info ] [ PARAM ] array (
)
[ info ] [ SESSION ] INIT array (
  'id' => '',
  'var_session_id' => '',
  'prefix' => 'think',
  'type' => '',
  'auto_start' => true,
)
[ info ] [ DB ] INIT mysql
[ info ] [ RUN ] app\admin\controller\Rule->_empty[ C:\inetpub\wwwroot\qipai\application\admin\controller\Rule.php ]
[ info ] [ LOG ] INIT File
[ sql ] [ DB ] CONNECT:[ UseTime:0.011782s ] mysql:host=127.0.0.1;port=3306;dbname=qipai;charset=utf8
[ sql ] [ SQL ] SHOW COLUMNS FROM `setting` [ RunTime:0.003681s ]
[ sql ] [ SQL ] SELECT * FROM `setting` WHERE  `name` = 'menu_tree' LIMIT 1 [ RunTime:0.002193s ]
---------------------------------------------------------------
[ 2019-05-12T10:58:07+08:00 ] 0.0.0.0 GET /qipai/public/admin.php/admin/rule/index
[ info ] localhost/qipai/public/admin.php/admin/rule/index [运行时间：0.447342s][吞吐率：2.24req/s] [内存消耗：3,300.80kb] [文件加载：54]
[ info ] [ LANG ] C:\inetpub\wwwroot\qipai\thinkphp\lang\zh-cn.php
[ info ] [ ROUTE ] array (
  'type' => 'module',
  'module' => 
  array (
    0 => 'admin',
    1 => 'rule',
    2 => 'index',
  ),
)
[ info ] [ HEADER ] array (
  'content-type' => '',
  'content-length' => '0',
  'user-agent' => 'Mozilla/5.0 (Windows NT 10.0; Win64; x64) AppleWebKit/537.36 (KHTML, like Gecko) Chrome/74.0.3729.131 Safari/537.36',
  'referer' => 'http://localhost/qipai/public/admin.php/admin/rule/index',
  'host' => 'localhost',
  'cookie' => 'PHPSESSID=3vm5mgjg1eb2qodqv396f37elj',
  'accept-language' => 'en-US,en;q=0.9,zh-CN;q=0.8,zh;q=0.7',
  'accept-encoding' => 'gzip, deflate, br',
  'accept' => 'image/webp,image/apng,image/*,*/*;q=0.8',
  'connection' => 'keep-alive',
)
[ info ] [ PARAM ] array (
)
[ info ] [ SESSION ] INIT array (
  'id' => '',
  'var_session_id' => '',
  'prefix' => 'think',
  'type' => '',
  'auto_start' => true,
)
[ info ] [ DB ] INIT mysql
[ info ] [ RUN ] app\admin\controller\Rule->index[ C:\inetpub\wwwroot\qipai\application\admin\controller\Rule.php ]
[ info ] [ VIEW ] C:\inetpub\wwwroot\qipai\public/../application/admin\view\rule\index.html [ array (
  0 => 'menu_tree',
) ]
[ info ] [ LOG ] INIT File
[ sql ] [ DB ] CONNECT:[ UseTime:0.000981s ] mysql:host=127.0.0.1;port=3306;dbname=qipai;charset=utf8
[ sql ] [ SQL ] SHOW COLUMNS FROM `setting` [ RunTime:0.000892s ]
[ sql ] [ SQL ] SELECT * FROM `setting` WHERE  `name` = 'menu_tree' LIMIT 1 [ RunTime:0.000448s ]
---------------------------------------------------------------
[ 2019-05-12T15:40:16+08:00 ] 0.0.0.0 GET /qipai/public/admin.php/admin/rule/index
[ info ] localhost/qipai/public/admin.php/admin/rule/index [运行时间：1.154416s][吞吐率：0.87req/s] [内存消耗：3,301.78kb] [文件加载：54]
[ info ] [ LANG ] C:\inetpub\wwwroot\qipai\thinkphp\lang\zh-cn.php
[ info ] [ ROUTE ] array (
  'type' => 'module',
  'module' => 
  array (
    0 => 'admin',
    1 => 'rule',
    2 => 'index',
  ),
)
[ info ] [ HEADER ] array (
  'content-type' => '',
  'content-length' => '0',
  'upgrade-insecure-requests' => '1',
  'user-agent' => 'Mozilla/5.0 (Windows NT 10.0; Win64; x64) AppleWebKit/537.36 (KHTML, like Gecko) Chrome/74.0.3729.131 Safari/537.36',
  'host' => 'localhost',
  'cookie' => 'PHPSESSID=3vm5mgjg1eb2qodqv396f37elj',
  'accept-language' => 'en-US,en;q=0.9,zh-CN;q=0.8,zh;q=0.7',
  'accept-encoding' => 'gzip, deflate, br',
  'accept' => 'text/html,application/xhtml+xml,application/xml;q=0.9,image/webp,image/apng,*/*;q=0.8,application/signed-exchange;v=b3',
  'connection' => 'keep-alive',
)
[ info ] [ PARAM ] array (
)
[ info ] [ SESSION ] INIT array (
  'id' => '',
  'var_session_id' => '',
  'prefix' => 'think',
  'type' => '',
  'auto_start' => true,
)
[ info ] [ DB ] INIT mysql
[ info ] [ RUN ] app\admin\controller\Rule->index[ C:\inetpub\wwwroot\qipai\application\admin\controller\Rule.php ]
[ info ] [ VIEW ] C:\inetpub\wwwroot\qipai\public/../application/admin\view\rule\index.html [ array (
  0 => 'menu_tree',
) ]
[ info ] [ LOG ] INIT File
[ sql ] [ DB ] CONNECT:[ UseTime:0.004045s ] mysql:host=127.0.0.1;port=3306;dbname=qipai;charset=utf8
[ sql ] [ SQL ] SHOW COLUMNS FROM `setting` [ RunTime:0.007050s ]
[ sql ] [ SQL ] SELECT * FROM `setting` WHERE  `name` = 'menu_tree' LIMIT 1 [ RunTime:0.000803s ]
---------------------------------------------------------------
[ 2019-05-12T15:40:17+08:00 ] 0.0.0.0 GET /qipai/public/admin.php/admin/rule/index
[ info ] localhost/qipai/public/admin.php/admin/rule/index [运行时间：0.457464s][吞吐率：2.19req/s] [内存消耗：3,300.78kb] [文件加载：54]
[ info ] [ LANG ] C:\inetpub\wwwroot\qipai\thinkphp\lang\zh-cn.php
[ info ] [ ROUTE ] array (
  'type' => 'module',
  'module' => 
  array (
    0 => 'admin',
    1 => 'rule',
    2 => 'index',
  ),
)
[ info ] [ HEADER ] array (
  'content-type' => '',
  'content-length' => '0',
  'user-agent' => 'Mozilla/5.0 (Windows NT 10.0; Win64; x64) AppleWebKit/537.36 (KHTML, like Gecko) Chrome/74.0.3729.131 Safari/537.36',
  'referer' => 'http://localhost/qipai/public/admin.php/admin/rule/index',
  'host' => 'localhost',
  'cookie' => 'PHPSESSID=3vm5mgjg1eb2qodqv396f37elj',
  'accept-language' => 'en-US,en;q=0.9,zh-CN;q=0.8,zh;q=0.7',
  'accept-encoding' => 'gzip, deflate, br',
  'accept' => 'text/css,*/*;q=0.1',
  'connection' => 'keep-alive',
)
[ info ] [ PARAM ] array (
)
[ info ] [ SESSION ] INIT array (
  'id' => '',
  'var_session_id' => '',
  'prefix' => 'think',
  'type' => '',
  'auto_start' => true,
)
[ info ] [ DB ] INIT mysql
[ info ] [ RUN ] app\admin\controller\Rule->index[ C:\inetpub\wwwroot\qipai\application\admin\controller\Rule.php ]
[ info ] [ VIEW ] C:\inetpub\wwwroot\qipai\public/../application/admin\view\rule\index.html [ array (
  0 => 'menu_tree',
) ]
[ info ] [ LOG ] INIT File
[ sql ] [ DB ] CONNECT:[ UseTime:0.001124s ] mysql:host=127.0.0.1;port=3306;dbname=qipai;charset=utf8
[ sql ] [ SQL ] SHOW COLUMNS FROM `setting` [ RunTime:0.002978s ]
[ sql ] [ SQL ] SELECT * FROM `setting` WHERE  `name` = 'menu_tree' LIMIT 1 [ RunTime:0.000768s ]
---------------------------------------------------------------
[ 2019-05-12T15:40:18+08:00 ] 0.0.0.0 GET /qipai/public/admin.php/admin/rule/getrulejsondata
[ info ] localhost/qipai/public/admin.php/admin/rule/getrulejsondata [运行时间：0.774652s][吞吐率：1.29req/s] [内存消耗：3,254.88kb] [文件加载：54]
[ info ] [ LANG ] C:\inetpub\wwwroot\qipai\thinkphp\lang\zh-cn.php
[ info ] [ ROUTE ] array (
  'type' => 'module',
  'module' => 
  array (
    0 => 'admin',
    1 => 'rule',
    2 => 'getrulejsondata',
  ),
)
[ info ] [ HEADER ] array (
  'content-type' => '',
  'content-length' => '0',
  'x-requested-with' => 'XMLHttpRequest',
  'user-agent' => 'Mozilla/5.0 (Windows NT 10.0; Win64; x64) AppleWebKit/537.36 (KHTML, like Gecko) Chrome/74.0.3729.131 Safari/537.36',
  'referer' => 'http://localhost/qipai/public/admin.php/admin/rule/index',
  'host' => 'localhost',
  'cookie' => 'PHPSESSID=3vm5mgjg1eb2qodqv396f37elj',
  'accept-language' => 'en-US,en;q=0.9,zh-CN;q=0.8,zh;q=0.7',
  'accept-encoding' => 'gzip, deflate, br',
  'accept' => 'application/json, text/javascript, */*; q=0.01',
  'connection' => 'keep-alive',
)
[ info ] [ PARAM ] array (
)
[ info ] [ SESSION ] INIT array (
  'id' => '',
  'var_session_id' => '',
  'prefix' => 'think',
  'type' => '',
  'auto_start' => true,
)
[ info ] [ DB ] INIT mysql
[ info ] [ RUN ] app\admin\controller\Rule->getRuleJsonData[ C:\inetpub\wwwroot\qipai\application\admin\controller\Rule.php ]
[ info ] [ LOG ] INIT File
[ sql ] [ DB ] CONNECT:[ UseTime:0.001188s ] mysql:host=127.0.0.1;port=3306;dbname=qipai;charset=utf8
[ sql ] [ SQL ] SHOW COLUMNS FROM `setting` [ RunTime:0.001204s ]
[ sql ] [ SQL ] SELECT * FROM `setting` WHERE  `name` = 'menu_tree' LIMIT 1 [ RunTime:0.000709s ]
[ sql ] [ SQL ] SHOW COLUMNS FROM `auth_rule` [ RunTime:0.009763s ]
[ sql ] [ SQL ] SELECT * FROM `auth_rule` [ RunTime:0.000499s ]
---------------------------------------------------------------
[ 2019-05-12T15:40:19+08:00 ] 0.0.0.0 GET /qipai/public/admin.php/admin/rule/favicon.ico
[ info ] localhost/qipai/public/admin.php/admin/rule/favicon.ico [运行时间：0.916916s][吞吐率：1.09req/s] [内存消耗：3,281.25kb] [文件加载：55]
[ info ] [ LANG ] C:\inetpub\wwwroot\qipai\thinkphp\lang\zh-cn.php
[ info ] [ ROUTE ] array (
  'type' => 'module',
  'module' => 
  array (
    0 => 'admin',
    1 => 'rule',
    2 => 'favicon',
  ),
)
[ info ] [ HEADER ] array (
  'content-type' => '',
  'content-length' => '0',
  'user-agent' => 'Mozilla/5.0 (Windows NT 10.0; Win64; x64) AppleWebKit/537.36 (KHTML, like Gecko) Chrome/74.0.3729.131 Safari/537.36',
  'referer' => 'http://localhost/qipai/public/admin.php/admin/rule/index',
  'host' => 'localhost',
  'cookie' => 'PHPSESSID=3vm5mgjg1eb2qodqv396f37elj',
  'accept-language' => 'en-US,en;q=0.9,zh-CN;q=0.8,zh;q=0.7',
  'accept-encoding' => 'gzip, deflate, br',
  'accept' => 'image/webp,image/apng,image/*,*/*;q=0.8',
  'connection' => 'keep-alive',
)
[ info ] [ PARAM ] array (
)
[ info ] [ SESSION ] INIT array (
  'id' => '',
  'var_session_id' => '',
  'prefix' => 'think',
  'type' => '',
  'auto_start' => true,
)
[ info ] [ DB ] INIT mysql
[ info ] [ RUN ] app\admin\controller\Rule->_empty[ C:\inetpub\wwwroot\qipai\application\admin\controller\Rule.php ]
[ info ] [ LOG ] INIT File
[ sql ] [ DB ] CONNECT:[ UseTime:0.001062s ] mysql:host=127.0.0.1;port=3306;dbname=qipai;charset=utf8
[ sql ] [ SQL ] SHOW COLUMNS FROM `setting` [ RunTime:0.001075s ]
[ sql ] [ SQL ] SELECT * FROM `setting` WHERE  `name` = 'menu_tree' LIMIT 1 [ RunTime:0.000687s ]
---------------------------------------------------------------
[ 2019-05-12T15:40:20+08:00 ] 0.0.0.0 GET /qipai/public/admin.php/admin/rule/index
[ info ] localhost/qipai/public/admin.php/admin/rule/index [运行时间：0.502894s][吞吐率：1.99req/s] [内存消耗：3,300.80kb] [文件加载：54]
[ info ] [ LANG ] C:\inetpub\wwwroot\qipai\thinkphp\lang\zh-cn.php
[ info ] [ ROUTE ] array (
  'type' => 'module',
  'module' => 
  array (
    0 => 'admin',
    1 => 'rule',
    2 => 'index',
  ),
)
[ info ] [ HEADER ] array (
  'content-type' => '',
  'content-length' => '0',
  'user-agent' => 'Mozilla/5.0 (Windows NT 10.0; Win64; x64) AppleWebKit/537.36 (KHTML, like Gecko) Chrome/74.0.3729.131 Safari/537.36',
  'referer' => 'http://localhost/qipai/public/admin.php/admin/rule/index',
  'host' => 'localhost',
  'cookie' => 'PHPSESSID=3vm5mgjg1eb2qodqv396f37elj',
  'accept-language' => 'en-US,en;q=0.9,zh-CN;q=0.8,zh;q=0.7',
  'accept-encoding' => 'gzip, deflate, br',
  'accept' => 'image/webp,image/apng,image/*,*/*;q=0.8',
  'connection' => 'keep-alive',
)
[ info ] [ PARAM ] array (
)
[ info ] [ SESSION ] INIT array (
  'id' => '',
  'var_session_id' => '',
  'prefix' => 'think',
  'type' => '',
  'auto_start' => true,
)
[ info ] [ DB ] INIT mysql
[ info ] [ RUN ] app\admin\controller\Rule->index[ C:\inetpub\wwwroot\qipai\application\admin\controller\Rule.php ]
[ info ] [ VIEW ] C:\inetpub\wwwroot\qipai\public/../application/admin\view\rule\index.html [ array (
  0 => 'menu_tree',
) ]
[ info ] [ LOG ] INIT File
[ sql ] [ DB ] CONNECT:[ UseTime:0.001341s ] mysql:host=127.0.0.1;port=3306;dbname=qipai;charset=utf8
[ sql ] [ SQL ] SHOW COLUMNS FROM `setting` [ RunTime:0.001473s ]
[ sql ] [ SQL ] SELECT * FROM `setting` WHERE  `name` = 'menu_tree' LIMIT 1 [ RunTime:0.002562s ]
---------------------------------------------------------------
[ 2019-05-12T15:42:52+08:00 ] 0.0.0.0 GET /qipai/public/admin.php/admin/rule/index
[ info ] localhost/qipai/public/admin.php/admin/rule/index [运行时间：28.301139s][吞吐率：0.04req/s] [内存消耗：3,182.48kb] [文件加载：51]
[ info ] [ LANG ] C:\inetpub\wwwroot\qipai\thinkphp\lang\zh-cn.php
[ info ] [ ROUTE ] array (
  'type' => 'module',
  'module' => 
  array (
    0 => 'admin',
    1 => 'rule',
    2 => 'index',
  ),
)
[ info ] [ HEADER ] array (
  'content-type' => '',
  'content-length' => '0',
  'upgrade-insecure-requests' => '1',
  'user-agent' => 'Mozilla/5.0 (Windows NT 10.0; Win64; x64) AppleWebKit/537.36 (KHTML, like Gecko) Chrome/74.0.3729.131 Safari/537.36',
  'host' => 'localhost',
  'cookie' => 'PHPSESSID=3vm5mgjg1eb2qodqv396f37elj',
  'accept-language' => 'en-US,en;q=0.9,zh-CN;q=0.8,zh;q=0.7',
  'accept-encoding' => 'gzip, deflate, br',
  'accept' => 'text/html,application/xhtml+xml,application/xml;q=0.9,image/webp,image/apng,*/*;q=0.8,application/signed-exchange;v=b3',
  'connection' => 'keep-alive',
  'cache-control' => 'max-age=0',
)
[ info ] [ PARAM ] array (
)
[ info ] [ SESSION ] INIT array (
  'id' => '',
  'var_session_id' => '',
  'prefix' => 'think',
  'type' => '',
  'auto_start' => true,
)
[ info ] [ DB ] INIT mysql
[ info ] [ LOG ] INIT File
[ sql ] [ DB ] CONNECT:[ UseTime:0.001090s ] mysql:host=127.0.0.1;port=3306;dbname=qipai;charset=utf8
[ sql ] [ SQL ] SHOW COLUMNS FROM `setting` [ RunTime:0.003190s ]
[ sql ] [ SQL ] SELECT * FROM `setting` WHERE  `name` = 'menu_tree' LIMIT 1 [ RunTime:0.000687s ]
---------------------------------------------------------------
[ 2019-05-12T15:47:21+08:00 ] 0.0.0.0 GET /qipai/public/admin.php/admin/rule/index
[ info ] localhost/qipai/public/admin.php/admin/rule/index [运行时间：0.545107s][吞吐率：1.83req/s] [内存消耗：3,301.98kb] [文件加载：54]
[ info ] [ LANG ] C:\inetpub\wwwroot\qipai\thinkphp\lang\zh-cn.php
[ info ] [ ROUTE ] array (
  'type' => 'module',
  'module' => 
  array (
    0 => 'admin',
    1 => 'rule',
    2 => 'index',
  ),
)
[ info ] [ HEADER ] array (
  'content-type' => '',
  'content-length' => '0',
  'upgrade-insecure-requests' => '1',
  'user-agent' => 'Mozilla/5.0 (Windows NT 10.0; Win64; x64) AppleWebKit/537.36 (KHTML, like Gecko) Chrome/74.0.3729.131 Safari/537.36',
  'host' => 'localhost',
  'cookie' => 'PHPSESSID=3vm5mgjg1eb2qodqv396f37elj',
  'accept-language' => 'en-US,en;q=0.9,zh-CN;q=0.8,zh;q=0.7',
  'accept-encoding' => 'gzip, deflate, br',
  'accept' => 'text/html,application/xhtml+xml,application/xml;q=0.9,image/webp,image/apng,*/*;q=0.8,application/signed-exchange;v=b3',
  'connection' => 'keep-alive',
  'cache-control' => 'max-age=0',
)
[ info ] [ PARAM ] array (
)
[ info ] [ SESSION ] INIT array (
  'id' => '',
  'var_session_id' => '',
  'prefix' => 'think',
  'type' => '',
  'auto_start' => true,
)
[ info ] [ DB ] INIT mysql
[ info ] [ RUN ] app\admin\controller\Rule->index[ C:\inetpub\wwwroot\qipai\application\admin\controller\Rule.php ]
[ info ] [ VIEW ] C:\inetpub\wwwroot\qipai\public/../application/admin\view\rule\index.html [ array (
  0 => 'menu_tree',
) ]
[ info ] [ LOG ] INIT File
[ sql ] [ DB ] CONNECT:[ UseTime:0.004027s ] mysql:host=127.0.0.1;port=3306;dbname=qipai;charset=utf8
[ sql ] [ SQL ] SHOW COLUMNS FROM `setting` [ RunTime:0.002146s ]
[ sql ] [ SQL ] SELECT * FROM `setting` WHERE  `name` = 'menu_tree' LIMIT 1 [ RunTime:0.001995s ]
---------------------------------------------------------------
[ 2019-05-12T15:47:23+08:00 ] 0.0.0.0 GET /qipai/public/admin.php/admin/rule/undefinedcss/modules/laydate/default/laydate.css?v=5.0.9
[ info ] localhost/qipai/public/admin.php/admin/rule/undefinedcss/modules/laydate/default/laydate.css?v=5.0.9 [运行时间：0.489821s][吞吐率：2.04req/s] [内存消耗：3,282.27kb] [文件加载：55]
[ info ] [ LANG ] C:\inetpub\wwwroot\qipai\thinkphp\lang\zh-cn.php
[ info ] [ ROUTE ] array (
  'type' => 'module',
  'module' => 
  array (
    0 => 'admin',
    1 => 'rule',
    2 => 'undefinedcss',
  ),
)
[ info ] [ HEADER ] array (
  'content-type' => '',
  'content-length' => '0',
  'user-agent' => 'Mozilla/5.0 (Windows NT 10.0; Win64; x64) AppleWebKit/537.36 (KHTML, like Gecko) Chrome/74.0.3729.131 Safari/537.36',
  'referer' => 'http://localhost/qipai/public/admin.php/admin/rule/index',
  'host' => 'localhost',
  'cookie' => 'PHPSESSID=3vm5mgjg1eb2qodqv396f37elj',
  'accept-language' => 'en-US,en;q=0.9,zh-CN;q=0.8,zh;q=0.7',
  'accept-encoding' => 'gzip, deflate, br',
  'accept' => 'text/css,*/*;q=0.1',
  'connection' => 'keep-alive',
)
[ info ] [ PARAM ] array (
  'v' => '5.0.9',
  'modules' => 'laydate',
  'default' => 'laydate',
)
[ info ] [ SESSION ] INIT array (
  'id' => '',
  'var_session_id' => '',
  'prefix' => 'think',
  'type' => '',
  'auto_start' => true,
)
[ info ] [ DB ] INIT mysql
[ info ] [ RUN ] app\admin\controller\Rule->_empty[ C:\inetpub\wwwroot\qipai\application\admin\controller\Rule.php ]
[ info ] [ LOG ] INIT File
[ sql ] [ DB ] CONNECT:[ UseTime:0.006282s ] mysql:host=127.0.0.1;port=3306;dbname=qipai;charset=utf8
[ sql ] [ SQL ] SHOW COLUMNS FROM `setting` [ RunTime:0.001225s ]
[ sql ] [ SQL ] SELECT * FROM `setting` WHERE  `name` = 'menu_tree' LIMIT 1 [ RunTime:0.000716s ]
---------------------------------------------------------------
[ 2019-05-12T15:47:24+08:00 ] 0.0.0.0 GET /qipai/public/admin.php/admin/rule/getrulejsondata
[ info ] localhost/qipai/public/admin.php/admin/rule/getrulejsondata [运行时间：0.494252s][吞吐率：2.02req/s] [内存消耗：3,254.88kb] [文件加载：54]
[ info ] [ LANG ] C:\inetpub\wwwroot\qipai\thinkphp\lang\zh-cn.php
[ info ] [ ROUTE ] array (
  'type' => 'module',
  'module' => 
  array (
    0 => 'admin',
    1 => 'rule',
    2 => 'getrulejsondata',
  ),
)
[ info ] [ HEADER ] array (
  'content-type' => '',
  'content-length' => '0',
  'x-requested-with' => 'XMLHttpRequest',
  'user-agent' => 'Mozilla/5.0 (Windows NT 10.0; Win64; x64) AppleWebKit/537.36 (KHTML, like Gecko) Chrome/74.0.3729.131 Safari/537.36',
  'referer' => 'http://localhost/qipai/public/admin.php/admin/rule/index',
  'host' => 'localhost',
  'cookie' => 'PHPSESSID=3vm5mgjg1eb2qodqv396f37elj',
  'accept-language' => 'en-US,en;q=0.9,zh-CN;q=0.8,zh;q=0.7',
  'accept-encoding' => 'gzip, deflate, br',
  'accept' => 'application/json, text/javascript, */*; q=0.01',
  'connection' => 'keep-alive',
)
[ info ] [ PARAM ] array (
)
[ info ] [ SESSION ] INIT array (
  'id' => '',
  'var_session_id' => '',
  'prefix' => 'think',
  'type' => '',
  'auto_start' => true,
)
[ info ] [ DB ] INIT mysql
[ info ] [ RUN ] app\admin\controller\Rule->getRuleJsonData[ C:\inetpub\wwwroot\qipai\application\admin\controller\Rule.php ]
[ info ] [ LOG ] INIT File
[ sql ] [ DB ] CONNECT:[ UseTime:0.001792s ] mysql:host=127.0.0.1;port=3306;dbname=qipai;charset=utf8
[ sql ] [ SQL ] SHOW COLUMNS FROM `setting` [ RunTime:0.001611s ]
[ sql ] [ SQL ] SELECT * FROM `setting` WHERE  `name` = 'menu_tree' LIMIT 1 [ RunTime:0.000761s ]
[ sql ] [ SQL ] SHOW COLUMNS FROM `auth_rule` [ RunTime:0.002045s ]
[ sql ] [ SQL ] SELECT * FROM `auth_rule` [ RunTime:0.000629s ]
---------------------------------------------------------------
[ 2019-05-12T15:47:25+08:00 ] 0.0.0.0 GET /qipai/public/admin.php/admin/rule/index
[ info ] localhost/qipai/public/admin.php/admin/rule/index [运行时间：1.113625s][吞吐率：0.90req/s] [内存消耗：3,300.78kb] [文件加载：54]
[ info ] [ LANG ] C:\inetpub\wwwroot\qipai\thinkphp\lang\zh-cn.php
[ info ] [ ROUTE ] array (
  'type' => 'module',
  'module' => 
  array (
    0 => 'admin',
    1 => 'rule',
    2 => 'index',
  ),
)
[ info ] [ HEADER ] array (
  'content-type' => '',
  'content-length' => '0',
  'user-agent' => 'Mozilla/5.0 (Windows NT 10.0; Win64; x64) AppleWebKit/537.36 (KHTML, like Gecko) Chrome/74.0.3729.131 Safari/537.36',
  'referer' => 'http://localhost/qipai/public/admin.php/admin/rule/index',
  'host' => 'localhost',
  'cookie' => 'PHPSESSID=3vm5mgjg1eb2qodqv396f37elj',
  'accept-language' => 'en-US,en;q=0.9,zh-CN;q=0.8,zh;q=0.7',
  'accept-encoding' => 'gzip, deflate, br',
  'accept' => 'text/css,*/*;q=0.1',
  'connection' => 'keep-alive',
)
[ info ] [ PARAM ] array (
)
[ info ] [ SESSION ] INIT array (
  'id' => '',
  'var_session_id' => '',
  'prefix' => 'think',
  'type' => '',
  'auto_start' => true,
)
[ info ] [ DB ] INIT mysql
[ info ] [ RUN ] app\admin\controller\Rule->index[ C:\inetpub\wwwroot\qipai\application\admin\controller\Rule.php ]
[ info ] [ VIEW ] C:\inetpub\wwwroot\qipai\public/../application/admin\view\rule\index.html [ array (
  0 => 'menu_tree',
) ]
[ info ] [ LOG ] INIT File
[ sql ] [ DB ] CONNECT:[ UseTime:0.001740s ] mysql:host=127.0.0.1;port=3306;dbname=qipai;charset=utf8
[ sql ] [ SQL ] SHOW COLUMNS FROM `setting` [ RunTime:0.001655s ]
[ sql ] [ SQL ] SELECT * FROM `setting` WHERE  `name` = 'menu_tree' LIMIT 1 [ RunTime:0.000683s ]
---------------------------------------------------------------
[ 2019-05-12T15:47:26+08:00 ] 0.0.0.0 GET /qipai/public/admin.php/admin/rule/favicon.ico
[ info ] localhost/qipai/public/admin.php/admin/rule/favicon.ico [运行时间：0.473109s][吞吐率：2.11req/s] [内存消耗：3,281.52kb] [文件加载：55]
[ info ] [ LANG ] C:\inetpub\wwwroot\qipai\thinkphp\lang\zh-cn.php
[ info ] [ ROUTE ] array (
  'type' => 'module',
  'module' => 
  array (
    0 => 'admin',
    1 => 'rule',
    2 => 'favicon',
  ),
)
[ info ] [ HEADER ] array (
  'content-type' => '',
  'content-length' => '0',
  'user-agent' => 'Mozilla/5.0 (Windows NT 10.0; Win64; x64) AppleWebKit/537.36 (KHTML, like Gecko) Chrome/74.0.3729.131 Safari/537.36',
  'referer' => 'http://localhost/qipai/public/admin.php/admin/rule/index',
  'host' => 'localhost',
  'cookie' => 'PHPSESSID=3vm5mgjg1eb2qodqv396f37elj',
  'accept-language' => 'en-US,en;q=0.9,zh-CN;q=0.8,zh;q=0.7',
  'accept-encoding' => 'gzip, deflate, br',
  'accept' => 'image/webp,image/apng,image/*,*/*;q=0.8',
  'pragma' => 'no-cache',
  'connection' => 'keep-alive',
  'cache-control' => 'no-cache',
)
[ info ] [ PARAM ] array (
)
[ info ] [ SESSION ] INIT array (
  'id' => '',
  'var_session_id' => '',
  'prefix' => 'think',
  'type' => '',
  'auto_start' => true,
)
[ info ] [ DB ] INIT mysql
[ info ] [ RUN ] app\admin\controller\Rule->_empty[ C:\inetpub\wwwroot\qipai\application\admin\controller\Rule.php ]
[ info ] [ LOG ] INIT File
[ sql ] [ DB ] CONNECT:[ UseTime:0.002223s ] mysql:host=127.0.0.1;port=3306;dbname=qipai;charset=utf8
[ sql ] [ SQL ] SHOW COLUMNS FROM `setting` [ RunTime:0.001549s ]
[ sql ] [ SQL ] SELECT * FROM `setting` WHERE  `name` = 'menu_tree' LIMIT 1 [ RunTime:0.000728s ]
---------------------------------------------------------------
[ 2019-05-12T15:47:28+08:00 ] 0.0.0.0 GET /qipai/public/admin.php/admin/rule/index
[ info ] localhost/qipai/public/admin.php/admin/rule/index [运行时间：0.475665s][吞吐率：2.10req/s] [内存消耗：3,301.32kb] [文件加载：54]
[ info ] [ LANG ] C:\inetpub\wwwroot\qipai\thinkphp\lang\zh-cn.php
[ info ] [ ROUTE ] array (
  'type' => 'module',
  'module' => 
  array (
    0 => 'admin',
    1 => 'rule',
    2 => 'index',
  ),
)
[ info ] [ HEADER ] array (
  'content-type' => '',
  'content-length' => '0',
  'user-agent' => 'Mozilla/5.0 (Windows NT 10.0; Win64; x64) AppleWebKit/537.36 (KHTML, like Gecko) Chrome/74.0.3729.131 Safari/537.36',
  'referer' => 'http://localhost/qipai/public/admin.php/admin/rule/index',
  'host' => 'localhost',
  'cookie' => 'PHPSESSID=3vm5mgjg1eb2qodqv396f37elj',
  'accept-language' => 'en-US,en;q=0.9,zh-CN;q=0.8,zh;q=0.7',
  'accept-encoding' => 'gzip, deflate, br',
  'accept' => 'image/webp,image/apng,image/*,*/*;q=0.8',
  'pragma' => 'no-cache',
  'connection' => 'keep-alive',
  'cache-control' => 'no-cache',
)
[ info ] [ PARAM ] array (
)
[ info ] [ SESSION ] INIT array (
  'id' => '',
  'var_session_id' => '',
  'prefix' => 'think',
  'type' => '',
  'auto_start' => true,
)
[ info ] [ DB ] INIT mysql
[ info ] [ RUN ] app\admin\controller\Rule->index[ C:\inetpub\wwwroot\qipai\application\admin\controller\Rule.php ]
[ info ] [ VIEW ] C:\inetpub\wwwroot\qipai\public/../application/admin\view\rule\index.html [ array (
  0 => 'menu_tree',
) ]
[ info ] [ LOG ] INIT File
[ sql ] [ DB ] CONNECT:[ UseTime:0.012252s ] mysql:host=127.0.0.1;port=3306;dbname=qipai;charset=utf8
[ sql ] [ SQL ] SHOW COLUMNS FROM `setting` [ RunTime:0.001607s ]
[ sql ] [ SQL ] SELECT * FROM `setting` WHERE  `name` = 'menu_tree' LIMIT 1 [ RunTime:0.000808s ]
---------------------------------------------------------------
[ 2019-05-12T15:50:40+08:00 ] 0.0.0.0 GET /qipai/public/admin.php/admin/rule/index
[ info ] localhost/qipai/public/admin.php/admin/rule/index [运行时间：125.671371s][吞吐率：0.01req/s] [内存消耗：3,304.23kb] [文件加载：54]
[ info ] [ LANG ] C:\inetpub\wwwroot\qipai\thinkphp\lang\zh-cn.php
[ info ] [ ROUTE ] array (
  'type' => 'module',
  'module' => 
  array (
    0 => 'admin',
    1 => 'rule',
    2 => 'index',
  ),
)
[ info ] [ HEADER ] array (
  'content-type' => '',
  'content-length' => '0',
  'upgrade-insecure-requests' => '1',
  'user-agent' => 'Mozilla/5.0 (Windows NT 10.0; Win64; x64) AppleWebKit/537.36 (KHTML, like Gecko) Chrome/74.0.3729.131 Safari/537.36',
  'host' => 'localhost',
  'cookie' => 'PHPSESSID=3vm5mgjg1eb2qodqv396f37elj',
  'accept-language' => 'en-US,en;q=0.9,zh-CN;q=0.8,zh;q=0.7',
  'accept-encoding' => 'gzip, deflate, br',
  'accept' => 'text/html,application/xhtml+xml,application/xml;q=0.9,image/webp,image/apng,*/*;q=0.8,application/signed-exchange;v=b3',
  'connection' => 'keep-alive',
  'cache-control' => 'max-age=0',
)
[ info ] [ PARAM ] array (
)
[ info ] [ SESSION ] INIT array (
  'id' => '',
  'var_session_id' => '',
  'prefix' => 'think',
  'type' => '',
  'auto_start' => true,
)
[ info ] [ DB ] INIT mysql
[ info ] [ RUN ] app\admin\controller\Rule->index[ C:\inetpub\wwwroot\qipai\application\admin\controller\Rule.php ]
[ info ] [ VIEW ] C:\inetpub\wwwroot\qipai\public/../application/admin\view\rule\index.html [ array (
  0 => 'menu_tree',
) ]
[ info ] [ LOG ] INIT File
[ sql ] [ DB ] CONNECT:[ UseTime:0.001694s ] mysql:host=127.0.0.1;port=3306;dbname=qipai;charset=utf8
[ sql ] [ SQL ] SHOW COLUMNS FROM `setting` [ RunTime:0.001419s ]
[ sql ] [ SQL ] SELECT * FROM `setting` WHERE  `name` = 'menu_tree' LIMIT 1 [ RunTime:0.000742s ]
---------------------------------------------------------------
[ 2019-05-12T15:51:08+08:00 ] 0.0.0.0 GET /qipai/public/admin.php/admin/rule/undefinedcss/modules/laydate/default/laydate.css?v=5.0.9
[ info ] localhost/qipai/public/admin.php/admin/rule/undefinedcss/modules/laydate/default/laydate.css?v=5.0.9 [运行时间：20.954064s][吞吐率：0.05req/s] [内存消耗：3,284.82kb] [文件加载：55]
[ info ] [ LANG ] C:\inetpub\wwwroot\qipai\thinkphp\lang\zh-cn.php
[ info ] [ ROUTE ] array (
  'type' => 'module',
  'module' => 
  array (
    0 => 'admin',
    1 => 'rule',
    2 => 'undefinedcss',
  ),
)
[ info ] [ HEADER ] array (
  'content-type' => '',
  'content-length' => '0',
  'user-agent' => 'Mozilla/5.0 (Windows NT 10.0; Win64; x64) AppleWebKit/537.36 (KHTML, like Gecko) Chrome/74.0.3729.131 Safari/537.36',
  'referer' => 'http://localhost/qipai/public/admin.php/admin/rule/index',
  'host' => 'localhost',
  'cookie' => 'PHPSESSID=3vm5mgjg1eb2qodqv396f37elj',
  'accept-language' => 'en-US,en;q=0.9,zh-CN;q=0.8,zh;q=0.7',
  'accept-encoding' => 'gzip, deflate, br',
  'accept' => 'text/css,*/*;q=0.1',
  'connection' => 'keep-alive',
)
[ info ] [ PARAM ] array (
  'v' => '5.0.9',
  'modules' => 'laydate',
  'default' => 'laydate',
)
[ info ] [ SESSION ] INIT array (
  'id' => '',
  'var_session_id' => '',
  'prefix' => 'think',
  'type' => '',
  'auto_start' => true,
)
[ info ] [ DB ] INIT mysql
[ info ] [ RUN ] app\admin\controller\Rule->_empty[ C:\inetpub\wwwroot\qipai\application\admin\controller\Rule.php ]
[ info ] [ LOG ] INIT File
[ sql ] [ DB ] CONNECT:[ UseTime:0.012147s ] mysql:host=127.0.0.1;port=3306;dbname=qipai;charset=utf8
[ sql ] [ SQL ] SHOW COLUMNS FROM `setting` [ RunTime:0.001894s ]
[ sql ] [ SQL ] SELECT * FROM `setting` WHERE  `name` = 'menu_tree' LIMIT 1 [ RunTime:0.003568s ]
---------------------------------------------------------------
[ 2019-05-12T15:51:10+08:00 ] 0.0.0.0 GET /qipai/public/admin.php/admin/rule/getrulejsondata
[ info ] localhost/qipai/public/admin.php/admin/rule/getrulejsondata [运行时间：23.288268s][吞吐率：0.04req/s] [内存消耗：3,256.75kb] [文件加载：54]
[ info ] [ LANG ] C:\inetpub\wwwroot\qipai\thinkphp\lang\zh-cn.php
[ info ] [ ROUTE ] array (
  'type' => 'module',
  'module' => 
  array (
    0 => 'admin',
    1 => 'rule',
    2 => 'getrulejsondata',
  ),
)
[ info ] [ HEADER ] array (
  'content-type' => '',
  'content-length' => '0',
  'x-requested-with' => 'XMLHttpRequest',
  'user-agent' => 'Mozilla/5.0 (Windows NT 10.0; Win64; x64) AppleWebKit/537.36 (KHTML, like Gecko) Chrome/74.0.3729.131 Safari/537.36',
  'referer' => 'http://localhost/qipai/public/admin.php/admin/rule/index',
  'host' => 'localhost',
  'cookie' => 'PHPSESSID=3vm5mgjg1eb2qodqv396f37elj',
  'accept-language' => 'en-US,en;q=0.9,zh-CN;q=0.8,zh;q=0.7',
  'accept-encoding' => 'gzip, deflate, br',
  'accept' => 'application/json, text/javascript, */*; q=0.01',
  'connection' => 'keep-alive',
)
[ info ] [ PARAM ] array (
)
[ info ] [ SESSION ] INIT array (
  'id' => '',
  'var_session_id' => '',
  'prefix' => 'think',
  'type' => '',
  'auto_start' => true,
)
[ info ] [ DB ] INIT mysql
[ info ] [ RUN ] app\admin\controller\Rule->getRuleJsonData[ C:\inetpub\wwwroot\qipai\application\admin\controller\Rule.php ]
[ info ] [ LOG ] INIT File
[ sql ] [ DB ] CONNECT:[ UseTime:0.001854s ] mysql:host=127.0.0.1;port=3306;dbname=qipai;charset=utf8
[ sql ] [ SQL ] SHOW COLUMNS FROM `setting` [ RunTime:0.001394s ]
[ sql ] [ SQL ] SELECT * FROM `setting` WHERE  `name` = 'menu_tree' LIMIT 1 [ RunTime:0.001216s ]
[ sql ] [ SQL ] SHOW COLUMNS FROM `auth_rule` [ RunTime:0.001449s ]
[ sql ] [ SQL ] SELECT * FROM `auth_rule` [ RunTime:0.000728s ]
---------------------------------------------------------------
[ 2019-05-12T15:51:12+08:00 ] 0.0.0.0 GET /qipai/public/admin.php/admin/rule/index
[ info ] localhost/qipai/public/admin.php/admin/rule/index [运行时间：3.679019s][吞吐率：0.27req/s] [内存消耗：3,303.34kb] [文件加载：54]
[ info ] [ LANG ] C:\inetpub\wwwroot\qipai\thinkphp\lang\zh-cn.php
[ info ] [ ROUTE ] array (
  'type' => 'module',
  'module' => 
  array (
    0 => 'admin',
    1 => 'rule',
    2 => 'index',
  ),
)
[ info ] [ HEADER ] array (
  'content-type' => '',
  'content-length' => '0',
  'user-agent' => 'Mozilla/5.0 (Windows NT 10.0; Win64; x64) AppleWebKit/537.36 (KHTML, like Gecko) Chrome/74.0.3729.131 Safari/537.36',
  'referer' => 'http://localhost/qipai/public/admin.php/admin/rule/index',
  'host' => 'localhost',
  'cookie' => 'PHPSESSID=3vm5mgjg1eb2qodqv396f37elj',
  'accept-language' => 'en-US,en;q=0.9,zh-CN;q=0.8,zh;q=0.7',
  'accept-encoding' => 'gzip, deflate, br',
  'accept' => 'text/css,*/*;q=0.1',
  'connection' => 'keep-alive',
)
[ info ] [ PARAM ] array (
)
[ info ] [ SESSION ] INIT array (
  'id' => '',
  'var_session_id' => '',
  'prefix' => 'think',
  'type' => '',
  'auto_start' => true,
)
[ info ] [ DB ] INIT mysql
[ info ] [ RUN ] app\admin\controller\Rule->index[ C:\inetpub\wwwroot\qipai\application\admin\controller\Rule.php ]
[ info ] [ VIEW ] C:\inetpub\wwwroot\qipai\public/../application/admin\view\rule\index.html [ array (
  0 => 'menu_tree',
) ]
[ info ] [ LOG ] INIT File
[ sql ] [ DB ] CONNECT:[ UseTime:0.002495s ] mysql:host=127.0.0.1;port=3306;dbname=qipai;charset=utf8
[ sql ] [ SQL ] SHOW COLUMNS FROM `setting` [ RunTime:0.001965s ]
[ sql ] [ SQL ] SELECT * FROM `setting` WHERE  `name` = 'menu_tree' LIMIT 1 [ RunTime:0.000826s ]
---------------------------------------------------------------
[ 2019-05-12T15:51:14+08:00 ] 0.0.0.0 GET /qipai/public/admin.php/admin/rule/favicon.ico
[ info ] localhost/qipai/public/admin.php/admin/rule/favicon.ico [运行时间：1.809098s][吞吐率：0.55req/s] [内存消耗：3,284.08kb] [文件加载：55]
[ info ] [ LANG ] C:\inetpub\wwwroot\qipai\thinkphp\lang\zh-cn.php
[ info ] [ ROUTE ] array (
  'type' => 'module',
  'module' => 
  array (
    0 => 'admin',
    1 => 'rule',
    2 => 'favicon',
  ),
)
[ info ] [ HEADER ] array (
  'content-type' => '',
  'content-length' => '0',
  'user-agent' => 'Mozilla/5.0 (Windows NT 10.0; Win64; x64) AppleWebKit/537.36 (KHTML, like Gecko) Chrome/74.0.3729.131 Safari/537.36',
  'referer' => 'http://localhost/qipai/public/admin.php/admin/rule/index',
  'host' => 'localhost',
  'cookie' => 'PHPSESSID=3vm5mgjg1eb2qodqv396f37elj',
  'accept-language' => 'en-US,en;q=0.9,zh-CN;q=0.8,zh;q=0.7',
  'accept-encoding' => 'gzip, deflate, br',
  'accept' => 'image/webp,image/apng,image/*,*/*;q=0.8',
  'pragma' => 'no-cache',
  'connection' => 'keep-alive',
  'cache-control' => 'no-cache',
)
[ info ] [ PARAM ] array (
)
[ info ] [ SESSION ] INIT array (
  'id' => '',
  'var_session_id' => '',
  'prefix' => 'think',
  'type' => '',
  'auto_start' => true,
)
[ info ] [ DB ] INIT mysql
[ info ] [ RUN ] app\admin\controller\Rule->_empty[ C:\inetpub\wwwroot\qipai\application\admin\controller\Rule.php ]
[ info ] [ LOG ] INIT File
[ sql ] [ DB ] CONNECT:[ UseTime:0.001626s ] mysql:host=127.0.0.1;port=3306;dbname=qipai;charset=utf8
[ sql ] [ SQL ] SHOW COLUMNS FROM `setting` [ RunTime:0.001321s ]
[ sql ] [ SQL ] SELECT * FROM `setting` WHERE  `name` = 'menu_tree' LIMIT 1 [ RunTime:0.000673s ]
---------------------------------------------------------------
[ 2019-05-12T15:51:15+08:00 ] 0.0.0.0 GET /qipai/public/admin.php/admin/rule/index
[ info ] localhost/qipai/public/admin.php/admin/rule/index [运行时间：0.735025s][吞吐率：1.36req/s] [内存消耗：3,300.95kb] [文件加载：54]
[ info ] [ LANG ] C:\inetpub\wwwroot\qipai\thinkphp\lang\zh-cn.php
[ info ] [ ROUTE ] array (
  'type' => 'module',
  'module' => 
  array (
    0 => 'admin',
    1 => 'rule',
    2 => 'index',
  ),
)
[ info ] [ HEADER ] array (
  'content-type' => '',
  'content-length' => '0',
  'user-agent' => 'Mozilla/5.0 (Windows NT 10.0; Win64; x64) AppleWebKit/537.36 (KHTML, like Gecko) Chrome/74.0.3729.131 Safari/537.36',
  'referer' => 'http://localhost/qipai/public/admin.php/admin/rule/index',
  'host' => 'localhost',
  'cookie' => 'PHPSESSID=3vm5mgjg1eb2qodqv396f37elj',
  'accept-language' => 'en-US,en;q=0.9,zh-CN;q=0.8,zh;q=0.7',
  'accept-encoding' => 'gzip, deflate, br',
  'accept' => 'image/webp,image/apng,image/*,*/*;q=0.8',
  'pragma' => 'no-cache',
  'connection' => 'keep-alive',
  'cache-control' => 'no-cache',
)
[ info ] [ PARAM ] array (
)
[ info ] [ SESSION ] INIT array (
  'id' => '',
  'var_session_id' => '',
  'prefix' => 'think',
  'type' => '',
  'auto_start' => true,
)
[ info ] [ DB ] INIT mysql
[ info ] [ RUN ] app\admin\controller\Rule->index[ C:\inetpub\wwwroot\qipai\application\admin\controller\Rule.php ]
[ info ] [ VIEW ] C:\inetpub\wwwroot\qipai\public/../application/admin\view\rule\index.html [ array (
  0 => 'menu_tree',
) ]
[ info ] [ LOG ] INIT File
[ sql ] [ DB ] CONNECT:[ UseTime:0.002209s ] mysql:host=127.0.0.1;port=3306;dbname=qipai;charset=utf8
[ sql ] [ SQL ] SHOW COLUMNS FROM `setting` [ RunTime:0.001451s ]
[ sql ] [ SQL ] SELECT * FROM `setting` WHERE  `name` = 'menu_tree' LIMIT 1 [ RunTime:0.001818s ]
---------------------------------------------------------------
[ 2019-05-12T15:53:23+08:00 ] 0.0.0.0 GET /qipai/public/admin.php/admin/rule/index
[ info ] localhost/qipai/public/admin.php/admin/rule/index [运行时间：1.677852s][吞吐率：0.60req/s] [内存消耗：2,320.30kb] [文件加载：49]
[ info ] [ LANG ] C:\inetpub\wwwroot\qipai\thinkphp\lang\zh-cn.php
[ info ] [ ROUTE ] array (
  'type' => 'module',
  'module' => 
  array (
    0 => 'admin',
    1 => 'rule',
    2 => 'index',
  ),
)
[ info ] [ HEADER ] array (
  'content-type' => '',
  'content-length' => '0',
  'upgrade-insecure-requests' => '1',
  'user-agent' => 'Mozilla/5.0 (Windows NT 10.0; Win64; x64) AppleWebKit/537.36 (KHTML, like Gecko) Chrome/74.0.3729.131 Safari/537.36',
  'host' => 'localhost',
  'cookie' => 'PHPSESSID=3vm5mgjg1eb2qodqv396f37elj',
  'accept-language' => 'en-US,en;q=0.9,zh-CN;q=0.8,zh;q=0.7',
  'accept-encoding' => 'gzip, deflate, br',
  'accept' => 'text/html,application/xhtml+xml,application/xml;q=0.9,image/webp,image/apng,*/*;q=0.8,application/signed-exchange;v=b3',
  'connection' => 'keep-alive',
  'cache-control' => 'max-age=0',
)
[ info ] [ PARAM ] array (
)
[ info ] [ SESSION ] INIT array (
  'id' => '',
  'var_session_id' => '',
  'prefix' => 'think',
  'type' => '',
  'auto_start' => true,
)
[ info ] [ LOG ] INIT File
[ error ] [8]未定义变量: menu[C:\inetpub\wwwroot\qipai\application\admin\controller\Base.php:42]
---------------------------------------------------------------
[ 2019-05-12T15:54:29+08:00 ] 0.0.0.0 GET /qipai/public/admin.php/admin/rule/index
[ info ] localhost/qipai/public/admin.php/admin/rule/index [运行时间：0.555159s][吞吐率：1.80req/s] [内存消耗：2,381.17kb] [文件加载：47]
[ info ] [ LANG ] C:\inetpub\wwwroot\qipai\thinkphp\lang\zh-cn.php
[ info ] [ ROUTE ] array (
  'type' => 'module',
  'module' => 
  array (
    0 => 'admin',
    1 => 'rule',
    2 => 'index',
  ),
)
[ info ] [ HEADER ] array (
  'content-type' => '',
  'content-length' => '0',
  'upgrade-insecure-requests' => '1',
  'user-agent' => 'Mozilla/5.0 (Windows NT 10.0; Win64; x64) AppleWebKit/537.36 (KHTML, like Gecko) Chrome/74.0.3729.131 Safari/537.36',
  'host' => 'localhost',
  'cookie' => 'PHPSESSID=3vm5mgjg1eb2qodqv396f37elj',
  'accept-language' => 'en-US,en;q=0.9,zh-CN;q=0.8,zh;q=0.7',
  'accept-encoding' => 'gzip, deflate, br',
  'accept' => 'text/html,application/xhtml+xml,application/xml;q=0.9,image/webp,image/apng,*/*;q=0.8,application/signed-exchange;v=b3',
  'connection' => 'keep-alive',
  'cache-control' => 'max-age=0',
)
[ info ] [ PARAM ] array (
)
[ info ] [ SESSION ] INIT array (
  'id' => '',
  'var_session_id' => '',
  'prefix' => 'think',
  'type' => '',
  'auto_start' => true,
)
[ info ] [ RUN ] app\admin\controller\Rule->index[ C:\inetpub\wwwroot\qipai\application\admin\controller\Rule.php ]
[ info ] [ VIEW ] C:\inetpub\wwwroot\qipai\public/../application/admin\view\rule\index.html [ array (
  0 => 'menu_tree',
) ]
[ info ] [ LOG ] INIT File
---------------------------------------------------------------
[ 2019-05-12T15:54:30+08:00 ] 0.0.0.0 GET /qipai/public/admin.php/admin/rule/undefinedcss/modules/laydate/default/laydate.css?v=5.0.9
[ info ] localhost/qipai/public/admin.php/admin/rule/undefinedcss/modules/laydate/default/laydate.css?v=5.0.9 [运行时间：0.471813s][吞吐率：2.12req/s] [内存消耗：2,362.20kb] [文件加载：48]
[ info ] [ LANG ] C:\inetpub\wwwroot\qipai\thinkphp\lang\zh-cn.php
[ info ] [ ROUTE ] array (
  'type' => 'module',
  'module' => 
  array (
    0 => 'admin',
    1 => 'rule',
    2 => 'undefinedcss',
  ),
)
[ info ] [ HEADER ] array (
  'content-type' => '',
  'content-length' => '0',
  'user-agent' => 'Mozilla/5.0 (Windows NT 10.0; Win64; x64) AppleWebKit/537.36 (KHTML, like Gecko) Chrome/74.0.3729.131 Safari/537.36',
  'referer' => 'http://localhost/qipai/public/admin.php/admin/rule/index',
  'host' => 'localhost',
  'cookie' => 'PHPSESSID=3vm5mgjg1eb2qodqv396f37elj',
  'accept-language' => 'en-US,en;q=0.9,zh-CN;q=0.8,zh;q=0.7',
  'accept-encoding' => 'gzip, deflate, br',
  'accept' => 'text/css,*/*;q=0.1',
  'connection' => 'keep-alive',
)
[ info ] [ PARAM ] array (
  'v' => '5.0.9',
  'modules' => 'laydate',
  'default' => 'laydate',
)
[ info ] [ SESSION ] INIT array (
  'id' => '',
  'var_session_id' => '',
  'prefix' => 'think',
  'type' => '',
  'auto_start' => true,
)
[ info ] [ RUN ] app\admin\controller\Rule->_empty[ C:\inetpub\wwwroot\qipai\application\admin\controller\Rule.php ]
[ info ] [ LOG ] INIT File
---------------------------------------------------------------
[ 2019-05-12T15:54:31+08:00 ] 0.0.0.0 GET /qipai/public/admin.php/admin/rule/getrulejsondata
[ info ] localhost/qipai/public/admin.php/admin/rule/getrulejsondata [运行时间：0.943939s][吞吐率：1.06req/s] [内存消耗：3,250.38kb] [文件加载：54]
[ info ] [ LANG ] C:\inetpub\wwwroot\qipai\thinkphp\lang\zh-cn.php
[ info ] [ ROUTE ] array (
  'type' => 'module',
  'module' => 
  array (
    0 => 'admin',
    1 => 'rule',
    2 => 'getrulejsondata',
  ),
)
[ info ] [ HEADER ] array (
  'content-type' => '',
  'content-length' => '0',
  'x-requested-with' => 'XMLHttpRequest',
  'user-agent' => 'Mozilla/5.0 (Windows NT 10.0; Win64; x64) AppleWebKit/537.36 (KHTML, like Gecko) Chrome/74.0.3729.131 Safari/537.36',
  'referer' => 'http://localhost/qipai/public/admin.php/admin/rule/index',
  'host' => 'localhost',
  'cookie' => 'PHPSESSID=3vm5mgjg1eb2qodqv396f37elj',
  'accept-language' => 'en-US,en;q=0.9,zh-CN;q=0.8,zh;q=0.7',
  'accept-encoding' => 'gzip, deflate, br',
  'accept' => 'application/json, text/javascript, */*; q=0.01',
  'connection' => 'keep-alive',
)
[ info ] [ PARAM ] array (
)
[ info ] [ SESSION ] INIT array (
  'id' => '',
  'var_session_id' => '',
  'prefix' => 'think',
  'type' => '',
  'auto_start' => true,
)
[ info ] [ RUN ] app\admin\controller\Rule->getRuleJsonData[ C:\inetpub\wwwroot\qipai\application\admin\controller\Rule.php ]
[ info ] [ DB ] INIT mysql
[ info ] [ LOG ] INIT File
[ sql ] [ DB ] CONNECT:[ UseTime:0.010320s ] mysql:host=127.0.0.1;port=3306;dbname=qipai;charset=utf8
[ sql ] [ SQL ] SHOW COLUMNS FROM `auth_rule` [ RunTime:0.005315s ]
[ sql ] [ SQL ] SELECT * FROM `auth_rule` [ RunTime:0.000588s ]
---------------------------------------------------------------
[ 2019-05-12T15:54:32+08:00 ] 0.0.0.0 GET /qipai/public/admin.php/admin/rule/index
[ info ] localhost/qipai/public/admin.php/admin/rule/index [运行时间：1.006400s][吞吐率：0.99req/s] [内存消耗：2,380.40kb] [文件加载：47]
[ info ] [ LANG ] C:\inetpub\wwwroot\qipai\thinkphp\lang\zh-cn.php
[ info ] [ ROUTE ] array (
  'type' => 'module',
  'module' => 
  array (
    0 => 'admin',
    1 => 'rule',
    2 => 'index',
  ),
)
[ info ] [ HEADER ] array (
  'content-type' => '',
  'content-length' => '0',
  'user-agent' => 'Mozilla/5.0 (Windows NT 10.0; Win64; x64) AppleWebKit/537.36 (KHTML, like Gecko) Chrome/74.0.3729.131 Safari/537.36',
  'referer' => 'http://localhost/qipai/public/admin.php/admin/rule/index',
  'host' => 'localhost',
  'cookie' => 'PHPSESSID=3vm5mgjg1eb2qodqv396f37elj',
  'accept-language' => 'en-US,en;q=0.9,zh-CN;q=0.8,zh;q=0.7',
  'accept-encoding' => 'gzip, deflate, br',
  'accept' => 'text/css,*/*;q=0.1',
  'connection' => 'keep-alive',
)
[ info ] [ PARAM ] array (
)
[ info ] [ SESSION ] INIT array (
  'id' => '',
  'var_session_id' => '',
  'prefix' => 'think',
  'type' => '',
  'auto_start' => true,
)
[ info ] [ RUN ] app\admin\controller\Rule->index[ C:\inetpub\wwwroot\qipai\application\admin\controller\Rule.php ]
[ info ] [ VIEW ] C:\inetpub\wwwroot\qipai\public/../application/admin\view\rule\index.html [ array (
  0 => 'menu_tree',
) ]
[ info ] [ LOG ] INIT File
---------------------------------------------------------------
[ 2019-05-12T15:54:33+08:00 ] 0.0.0.0 GET /qipai/public/admin.php/admin/rule/favicon.ico
[ info ] localhost/qipai/public/admin.php/admin/rule/favicon.ico [运行时间：0.455947s][吞吐率：2.19req/s] [内存消耗：2,361.46kb] [文件加载：48]
[ info ] [ LANG ] C:\inetpub\wwwroot\qipai\thinkphp\lang\zh-cn.php
[ info ] [ ROUTE ] array (
  'type' => 'module',
  'module' => 
  array (
    0 => 'admin',
    1 => 'rule',
    2 => 'favicon',
  ),
)
[ info ] [ HEADER ] array (
  'content-type' => '',
  'content-length' => '0',
  'user-agent' => 'Mozilla/5.0 (Windows NT 10.0; Win64; x64) AppleWebKit/537.36 (KHTML, like Gecko) Chrome/74.0.3729.131 Safari/537.36',
  'referer' => 'http://localhost/qipai/public/admin.php/admin/rule/index',
  'host' => 'localhost',
  'cookie' => 'PHPSESSID=3vm5mgjg1eb2qodqv396f37elj',
  'accept-language' => 'en-US,en;q=0.9,zh-CN;q=0.8,zh;q=0.7',
  'accept-encoding' => 'gzip, deflate, br',
  'accept' => 'image/webp,image/apng,image/*,*/*;q=0.8',
  'pragma' => 'no-cache',
  'connection' => 'keep-alive',
  'cache-control' => 'no-cache',
)
[ info ] [ PARAM ] array (
)
[ info ] [ SESSION ] INIT array (
  'id' => '',
  'var_session_id' => '',
  'prefix' => 'think',
  'type' => '',
  'auto_start' => true,
)
[ info ] [ RUN ] app\admin\controller\Rule->_empty[ C:\inetpub\wwwroot\qipai\application\admin\controller\Rule.php ]
[ info ] [ LOG ] INIT File
---------------------------------------------------------------
[ 2019-05-12T15:54:34+08:00 ] 0.0.0.0 GET /qipai/public/admin.php/admin/rule/index
[ info ] localhost/qipai/public/admin.php/admin/rule/index [运行时间：0.436203s][吞吐率：2.29req/s] [内存消耗：2,381.19kb] [文件加载：47]
[ info ] [ LANG ] C:\inetpub\wwwroot\qipai\thinkphp\lang\zh-cn.php
[ info ] [ ROUTE ] array (
  'type' => 'module',
  'module' => 
  array (
    0 => 'admin',
    1 => 'rule',
    2 => 'index',
  ),
)
[ info ] [ HEADER ] array (
  'content-type' => '',
  'content-length' => '0',
  'user-agent' => 'Mozilla/5.0 (Windows NT 10.0; Win64; x64) AppleWebKit/537.36 (KHTML, like Gecko) Chrome/74.0.3729.131 Safari/537.36',
  'referer' => 'http://localhost/qipai/public/admin.php/admin/rule/index',
  'host' => 'localhost',
  'cookie' => 'PHPSESSID=3vm5mgjg1eb2qodqv396f37elj',
  'accept-language' => 'en-US,en;q=0.9,zh-CN;q=0.8,zh;q=0.7',
  'accept-encoding' => 'gzip, deflate, br',
  'accept' => 'image/webp,image/apng,image/*,*/*;q=0.8',
  'pragma' => 'no-cache',
  'connection' => 'keep-alive',
  'cache-control' => 'no-cache',
)
[ info ] [ PARAM ] array (
)
[ info ] [ SESSION ] INIT array (
  'id' => '',
  'var_session_id' => '',
  'prefix' => 'think',
  'type' => '',
  'auto_start' => true,
)
[ info ] [ RUN ] app\admin\controller\Rule->index[ C:\inetpub\wwwroot\qipai\application\admin\controller\Rule.php ]
[ info ] [ VIEW ] C:\inetpub\wwwroot\qipai\public/../application/admin\view\rule\index.html [ array (
  0 => 'menu_tree',
) ]
[ info ] [ LOG ] INIT File
---------------------------------------------------------------
[ 2019-05-12T15:54:56+08:00 ] 0.0.0.0 GET /qipai/public/admin.php/admin/rule/index
[ info ] localhost/qipai/public/admin.php/admin/rule/index [运行时间：0.440430s][吞吐率：2.27req/s] [内存消耗：2,380.47kb] [文件加载：47]
[ info ] [ LANG ] C:\inetpub\wwwroot\qipai\thinkphp\lang\zh-cn.php
[ info ] [ ROUTE ] array (
  'type' => 'module',
  'module' => 
  array (
    0 => 'admin',
    1 => 'rule',
    2 => 'index',
  ),
)
[ info ] [ HEADER ] array (
  'content-type' => '',
  'content-length' => '0',
  'upgrade-insecure-requests' => '1',
  'user-agent' => 'Mozilla/5.0 (Windows NT 10.0; Win64; x64) AppleWebKit/537.36 (KHTML, like Gecko) Chrome/74.0.3729.131 Safari/537.36',
  'host' => 'localhost',
  'cookie' => 'PHPSESSID=3vm5mgjg1eb2qodqv396f37elj',
  'accept-language' => 'en-US,en;q=0.9,zh-CN;q=0.8,zh;q=0.7',
  'accept-encoding' => 'gzip, deflate, br',
  'accept' => 'text/html,application/xhtml+xml,application/xml;q=0.9,image/webp,image/apng,*/*;q=0.8,application/signed-exchange;v=b3',
  'connection' => 'keep-alive',
)
[ info ] [ PARAM ] array (
)
[ info ] [ SESSION ] INIT array (
  'id' => '',
  'var_session_id' => '',
  'prefix' => 'think',
  'type' => '',
  'auto_start' => true,
)
[ info ] [ RUN ] app\admin\controller\Rule->index[ C:\inetpub\wwwroot\qipai\application\admin\controller\Rule.php ]
[ info ] [ VIEW ] C:\inetpub\wwwroot\qipai\public/../application/admin\view\rule\index.html [ array (
  0 => 'menu_tree',
) ]
[ info ] [ LOG ] INIT File
---------------------------------------------------------------
[ 2019-05-12T15:54:57+08:00 ] 0.0.0.0 GET /qipai/public/admin.php/admin/rule/index
[ info ] localhost/qipai/public/admin.php/admin/rule/index [运行时间：0.446881s][吞吐率：2.24req/s] [内存消耗：2,380.40kb] [文件加载：47]
[ info ] [ LANG ] C:\inetpub\wwwroot\qipai\thinkphp\lang\zh-cn.php
[ info ] [ ROUTE ] array (
  'type' => 'module',
  'module' => 
  array (
    0 => 'admin',
    1 => 'rule',
    2 => 'index',
  ),
)
[ info ] [ HEADER ] array (
  'content-type' => '',
  'content-length' => '0',
  'user-agent' => 'Mozilla/5.0 (Windows NT 10.0; Win64; x64) AppleWebKit/537.36 (KHTML, like Gecko) Chrome/74.0.3729.131 Safari/537.36',
  'referer' => 'http://localhost/qipai/public/admin.php/admin/rule/index',
  'host' => 'localhost',
  'cookie' => 'PHPSESSID=3vm5mgjg1eb2qodqv396f37elj',
  'accept-language' => 'en-US,en;q=0.9,zh-CN;q=0.8,zh;q=0.7',
  'accept-encoding' => 'gzip, deflate, br',
  'accept' => 'text/css,*/*;q=0.1',
  'connection' => 'keep-alive',
)
[ info ] [ PARAM ] array (
)
[ info ] [ SESSION ] INIT array (
  'id' => '',
  'var_session_id' => '',
  'prefix' => 'think',
  'type' => '',
  'auto_start' => true,
)
[ info ] [ RUN ] app\admin\controller\Rule->index[ C:\inetpub\wwwroot\qipai\application\admin\controller\Rule.php ]
[ info ] [ VIEW ] C:\inetpub\wwwroot\qipai\public/../application/admin\view\rule\index.html [ array (
  0 => 'menu_tree',
) ]
[ info ] [ LOG ] INIT File
---------------------------------------------------------------
[ 2019-05-12T15:54:57+08:00 ] 0.0.0.0 GET /qipai/public/admin.php/admin/rule/getrulejsondata
[ info ] localhost/qipai/public/admin.php/admin/rule/getrulejsondata [运行时间：0.854368s][吞吐率：1.17req/s] [内存消耗：3,250.38kb] [文件加载：54]
[ info ] [ LANG ] C:\inetpub\wwwroot\qipai\thinkphp\lang\zh-cn.php
[ info ] [ ROUTE ] array (
  'type' => 'module',
  'module' => 
  array (
    0 => 'admin',
    1 => 'rule',
    2 => 'getrulejsondata',
  ),
)
[ info ] [ HEADER ] array (
  'content-type' => '',
  'content-length' => '0',
  'x-requested-with' => 'XMLHttpRequest',
  'user-agent' => 'Mozilla/5.0 (Windows NT 10.0; Win64; x64) AppleWebKit/537.36 (KHTML, like Gecko) Chrome/74.0.3729.131 Safari/537.36',
  'referer' => 'http://localhost/qipai/public/admin.php/admin/rule/index',
  'host' => 'localhost',
  'cookie' => 'PHPSESSID=3vm5mgjg1eb2qodqv396f37elj',
  'accept-language' => 'en-US,en;q=0.9,zh-CN;q=0.8,zh;q=0.7',
  'accept-encoding' => 'gzip, deflate, br',
  'accept' => 'application/json, text/javascript, */*; q=0.01',
  'connection' => 'keep-alive',
)
[ info ] [ PARAM ] array (
)
[ info ] [ SESSION ] INIT array (
  'id' => '',
  'var_session_id' => '',
  'prefix' => 'think',
  'type' => '',
  'auto_start' => true,
)
[ info ] [ RUN ] app\admin\controller\Rule->getRuleJsonData[ C:\inetpub\wwwroot\qipai\application\admin\controller\Rule.php ]
[ info ] [ DB ] INIT mysql
[ info ] [ LOG ] INIT File
[ sql ] [ DB ] CONNECT:[ UseTime:0.012498s ] mysql:host=127.0.0.1;port=3306;dbname=qipai;charset=utf8
[ sql ] [ SQL ] SHOW COLUMNS FROM `auth_rule` [ RunTime:0.003800s ]
[ sql ] [ SQL ] SELECT * FROM `auth_rule` [ RunTime:0.000904s ]
---------------------------------------------------------------
[ 2019-05-12T15:54:58+08:00 ] 0.0.0.0 GET /qipai/public/admin.php/admin/rule/favicon.ico
[ info ] localhost/qipai/public/admin.php/admin/rule/favicon.ico [运行时间：0.883057s][吞吐率：1.13req/s] [内存消耗：2,361.19kb] [文件加载：48]
[ info ] [ LANG ] C:\inetpub\wwwroot\qipai\thinkphp\lang\zh-cn.php
[ info ] [ ROUTE ] array (
  'type' => 'module',
  'module' => 
  array (
    0 => 'admin',
    1 => 'rule',
    2 => 'favicon',
  ),
)
[ info ] [ HEADER ] array (
  'content-type' => '',
  'content-length' => '0',
  'user-agent' => 'Mozilla/5.0 (Windows NT 10.0; Win64; x64) AppleWebKit/537.36 (KHTML, like Gecko) Chrome/74.0.3729.131 Safari/537.36',
  'referer' => 'http://localhost/qipai/public/admin.php/admin/rule/index',
  'host' => 'localhost',
  'cookie' => 'PHPSESSID=3vm5mgjg1eb2qodqv396f37elj',
  'accept-language' => 'en-US,en;q=0.9,zh-CN;q=0.8,zh;q=0.7',
  'accept-encoding' => 'gzip, deflate, br',
  'accept' => 'image/webp,image/apng,image/*,*/*;q=0.8',
  'connection' => 'keep-alive',
)
[ info ] [ PARAM ] array (
)
[ info ] [ SESSION ] INIT array (
  'id' => '',
  'var_session_id' => '',
  'prefix' => 'think',
  'type' => '',
  'auto_start' => true,
)
[ info ] [ RUN ] app\admin\controller\Rule->_empty[ C:\inetpub\wwwroot\qipai\application\admin\controller\Rule.php ]
[ info ] [ LOG ] INIT File
---------------------------------------------------------------
[ 2019-05-12T15:54:59+08:00 ] 0.0.0.0 GET /qipai/public/admin.php/admin/rule/index
[ info ] localhost/qipai/public/admin.php/admin/rule/index [运行时间：0.443351s][吞吐率：2.26req/s] [内存消耗：2,380.41kb] [文件加载：47]
[ info ] [ LANG ] C:\inetpub\wwwroot\qipai\thinkphp\lang\zh-cn.php
[ info ] [ ROUTE ] array (
  'type' => 'module',
  'module' => 
  array (
    0 => 'admin',
    1 => 'rule',
    2 => 'index',
  ),
)
[ info ] [ HEADER ] array (
  'content-type' => '',
  'content-length' => '0',
  'user-agent' => 'Mozilla/5.0 (Windows NT 10.0; Win64; x64) AppleWebKit/537.36 (KHTML, like Gecko) Chrome/74.0.3729.131 Safari/537.36',
  'referer' => 'http://localhost/qipai/public/admin.php/admin/rule/index',
  'host' => 'localhost',
  'cookie' => 'PHPSESSID=3vm5mgjg1eb2qodqv396f37elj',
  'accept-language' => 'en-US,en;q=0.9,zh-CN;q=0.8,zh;q=0.7',
  'accept-encoding' => 'gzip, deflate, br',
  'accept' => 'image/webp,image/apng,image/*,*/*;q=0.8',
  'connection' => 'keep-alive',
)
[ info ] [ PARAM ] array (
)
[ info ] [ SESSION ] INIT array (
  'id' => '',
  'var_session_id' => '',
  'prefix' => 'think',
  'type' => '',
  'auto_start' => true,
)
[ info ] [ RUN ] app\admin\controller\Rule->index[ C:\inetpub\wwwroot\qipai\application\admin\controller\Rule.php ]
[ info ] [ VIEW ] C:\inetpub\wwwroot\qipai\public/../application/admin\view\rule\index.html [ array (
  0 => 'menu_tree',
) ]
[ info ] [ LOG ] INIT File
---------------------------------------------------------------
[ 2019-05-12T16:55:57+08:00 ] 0.0.0.0 GET /qipai/public/admin.php/admin/rule/index
[ info ] localhost/qipai/public/admin.php/admin/rule/index [运行时间：1.332836s][吞吐率：0.75req/s] [内存消耗：2,388.45kb] [文件加载：48]
[ info ] [ LANG ] C:\inetpub\wwwroot\qipai\thinkphp\lang\zh-cn.php
[ info ] [ BIND ] 'admin'
[ info ] [ ROUTE ] array (
  'type' => 'module',
  'module' => 
  array (
    0 => 'admin',
    1 => 'admin',
    2 => 'rule',
  ),
)
[ info ] [ HEADER ] array (
  'content-type' => '',
  'content-length' => '0',
  'upgrade-insecure-requests' => '1',
  'user-agent' => 'Mozilla/5.0 (Windows NT 10.0; Win64; x64) AppleWebKit/537.36 (KHTML, like Gecko) Chrome/74.0.3729.131 Safari/537.36',
  'host' => 'localhost',
  'cookie' => 'PHPSESSID=3vm5mgjg1eb2qodqv396f37elj',
  'accept-language' => 'en-US,en;q=0.9,zh-CN;q=0.8,zh;q=0.7',
  'accept-encoding' => 'gzip, deflate, br',
  'accept' => 'text/html,application/xhtml+xml,application/xml;q=0.9,image/webp,image/apng,*/*;q=0.8,application/signed-exchange;v=b3',
  'connection' => 'keep-alive',
  'cache-control' => 'max-age=0',
)
[ info ] [ PARAM ] array (
)
[ info ] [ SESSION ] INIT array (
  'id' => '',
  'var_session_id' => '',
  'prefix' => 'think',
  'type' => '',
  'auto_start' => true,
)
[ info ] [ RUN ] app\admin\controller\Admin->_empty[ C:\inetpub\wwwroot\qipai\application\admin\controller\Admin.php ]
[ info ] [ LOG ] INIT File
---------------------------------------------------------------
[ 2019-05-12T16:55:58+08:00 ] 0.0.0.0 GET /qipai/public/admin.php/admin/index
[ info ] localhost/qipai/public/admin.php/admin/index [运行时间：0.944759s][吞吐率：1.06req/s] [内存消耗：3,743.58kb] [文件加载：62]
[ info ] [ LANG ] C:\inetpub\wwwroot\qipai\thinkphp\lang\zh-cn.php
[ info ] [ BIND ] 'admin'
[ info ] [ ROUTE ] array (
  'type' => 'module',
  'module' => 
  array (
    0 => 'admin',
    1 => 'admin',
    2 => 'index',
  ),
)
[ info ] [ HEADER ] array (
  'content-type' => '',
  'content-length' => '0',
  'upgrade-insecure-requests' => '1',
  'user-agent' => 'Mozilla/5.0 (Windows NT 10.0; Win64; x64) AppleWebKit/537.36 (KHTML, like Gecko) Chrome/74.0.3729.131 Safari/537.36',
  'host' => 'localhost',
  'cookie' => 'PHPSESSID=3vm5mgjg1eb2qodqv396f37elj',
  'accept-language' => 'en-US,en;q=0.9,zh-CN;q=0.8,zh;q=0.7',
  'accept-encoding' => 'gzip, deflate, br',
  'accept' => 'text/html,application/xhtml+xml,application/xml;q=0.9,image/webp,image/apng,*/*;q=0.8,application/signed-exchange;v=b3',
  'connection' => 'keep-alive',
  'cache-control' => 'max-age=0',
)
[ info ] [ PARAM ] array (
)
[ info ] [ SESSION ] INIT array (
  'id' => '',
  'var_session_id' => '',
  'prefix' => 'think',
  'type' => '',
  'auto_start' => true,
)
[ info ] [ RUN ] app\admin\controller\Admin->index[ C:\inetpub\wwwroot\qipai\application\admin\controller\Admin.php ]
[ info ] [ DB ] INIT mysql
[ info ] [ VIEW ] C:\inetpub\wwwroot\qipai\public/../application/admin\view\admin\index.html [ array (
  0 => 'menu_tree',
  1 => 'data',
) ]
[ info ] [ LOG ] INIT File
[ sql ] [ DB ] CONNECT:[ UseTime:0.004833s ] mysql:host=127.0.0.1;port=3306;dbname=qipai;charset=utf8
[ sql ] [ SQL ] SHOW COLUMNS FROM `admin` [ RunTime:0.010312s ]
[ sql ] [ SQL ] SELECT COUNT(*) AS tp_count FROM `admin` LIMIT 1 [ RunTime:0.000459s ]
[ sql ] [ SQL ] SELECT * FROM `admin` LIMIT 0,15 [ RunTime:0.000603s ]
[ sql ] [ SQL ] SHOW COLUMNS FROM `auth_group` [ RunTime:0.002920s ]
[ sql ] [ SQL ] SELECT * FROM `auth_group` WHERE  `id` = 1 LIMIT 1 [ RunTime:0.000631s ]
[ sql ] [ SQL ] SELECT * FROM `auth_group` WHERE  `id` = 7 LIMIT 1 [ RunTime:0.000332s ]
[ sql ] [ SQL ] SELECT * FROM `auth_group` WHERE  `id` = 7 LIMIT 1 [ RunTime:0.000287s ]
[ sql ] [ SQL ] SELECT * FROM `auth_group` WHERE  `id` = 7 LIMIT 1 [ RunTime:0.000862s ]
[ sql ] [ SQL ] SELECT * FROM `auth_group` WHERE  `id` = 6 LIMIT 1 [ RunTime:0.000618s ]
---------------------------------------------------------------
[ 2019-05-12T16:56:00+08:00 ] 0.0.0.0 GET /qipai/public/admin.php/admin/favicon.ico
[ info ] localhost/qipai/public/admin.php/admin/favicon.ico [运行时间：0.451012s][吞吐率：2.22req/s] [内存消耗：2,387.55kb] [文件加载：48]
[ info ] [ LANG ] C:\inetpub\wwwroot\qipai\thinkphp\lang\zh-cn.php
[ info ] [ BIND ] 'admin'
[ info ] [ ROUTE ] array (
  'type' => 'module',
  'module' => 
  array (
    0 => 'admin',
    1 => 'admin',
    2 => 'favicon',
  ),
)
[ info ] [ HEADER ] array (
  'content-type' => '',
  'content-length' => '0',
  'user-agent' => 'Mozilla/5.0 (Windows NT 10.0; Win64; x64) AppleWebKit/537.36 (KHTML, like Gecko) Chrome/74.0.3729.131 Safari/537.36',
  'referer' => 'http://localhost/qipai/public/admin.php/admin/index',
  'host' => 'localhost',
  'cookie' => 'PHPSESSID=3vm5mgjg1eb2qodqv396f37elj',
  'accept-language' => 'en-US,en;q=0.9,zh-CN;q=0.8,zh;q=0.7',
  'accept-encoding' => 'gzip, deflate, br',
  'accept' => 'image/webp,image/apng,image/*,*/*;q=0.8',
  'connection' => 'keep-alive',
)
[ info ] [ PARAM ] array (
)
[ info ] [ SESSION ] INIT array (
  'id' => '',
  'var_session_id' => '',
  'prefix' => 'think',
  'type' => '',
  'auto_start' => true,
)
[ info ] [ RUN ] app\admin\controller\Admin->_empty[ C:\inetpub\wwwroot\qipai\application\admin\controller\Admin.php ]
[ info ] [ LOG ] INIT File
---------------------------------------------------------------
[ 2019-05-12T16:56:01+08:00 ] 0.0.0.0 GET /qipai/public/admin.php/admin/index
[ info ] localhost/qipai/public/admin.php/admin/index [运行时间：0.483165s][吞吐率：2.07req/s] [内存消耗：3,498.09kb] [文件加载：60]
[ info ] [ LANG ] C:\inetpub\wwwroot\qipai\thinkphp\lang\zh-cn.php
[ info ] [ BIND ] 'admin'
[ info ] [ ROUTE ] array (
  'type' => 'module',
  'module' => 
  array (
    0 => 'admin',
    1 => 'admin',
    2 => 'index',
  ),
)
[ info ] [ HEADER ] array (
  'content-type' => '',
  'content-length' => '0',
  'user-agent' => 'Mozilla/5.0 (Windows NT 10.0; Win64; x64) AppleWebKit/537.36 (KHTML, like Gecko) Chrome/74.0.3729.131 Safari/537.36',
  'referer' => 'http://localhost/qipai/public/admin.php/admin/index',
  'host' => 'localhost',
  'cookie' => 'PHPSESSID=3vm5mgjg1eb2qodqv396f37elj',
  'accept-language' => 'en-US,en;q=0.9,zh-CN;q=0.8,zh;q=0.7',
  'accept-encoding' => 'gzip, deflate, br',
  'accept' => 'image/webp,image/apng,image/*,*/*;q=0.8',
  'connection' => 'keep-alive',
)
[ info ] [ PARAM ] array (
)
[ info ] [ SESSION ] INIT array (
  'id' => '',
  'var_session_id' => '',
  'prefix' => 'think',
  'type' => '',
  'auto_start' => true,
)
[ info ] [ RUN ] app\admin\controller\Admin->index[ C:\inetpub\wwwroot\qipai\application\admin\controller\Admin.php ]
[ info ] [ DB ] INIT mysql
[ info ] [ VIEW ] C:\inetpub\wwwroot\qipai\public/../application/admin\view\admin\index.html [ array (
  0 => 'menu_tree',
  1 => 'data',
) ]
[ info ] [ LOG ] INIT File
[ sql ] [ DB ] CONNECT:[ UseTime:0.001869s ] mysql:host=127.0.0.1;port=3306;dbname=qipai;charset=utf8
[ sql ] [ SQL ] SHOW COLUMNS FROM `admin` [ RunTime:0.001768s ]
[ sql ] [ SQL ] SELECT COUNT(*) AS tp_count FROM `admin` LIMIT 1 [ RunTime:0.000476s ]
[ sql ] [ SQL ] SELECT * FROM `admin` LIMIT 0,15 [ RunTime:0.000645s ]
[ sql ] [ SQL ] SHOW COLUMNS FROM `auth_group` [ RunTime:0.001861s ]
[ sql ] [ SQL ] SELECT * FROM `auth_group` WHERE  `id` = 1 LIMIT 1 [ RunTime:0.001096s ]
[ sql ] [ SQL ] SELECT * FROM `auth_group` WHERE  `id` = 7 LIMIT 1 [ RunTime:0.000592s ]
[ sql ] [ SQL ] SELECT * FROM `auth_group` WHERE  `id` = 7 LIMIT 1 [ RunTime:0.000494s ]
[ sql ] [ SQL ] SELECT * FROM `auth_group` WHERE  `id` = 7 LIMIT 1 [ RunTime:0.000548s ]
[ sql ] [ SQL ] SELECT * FROM `auth_group` WHERE  `id` = 6 LIMIT 1 [ RunTime:0.000512s ]
---------------------------------------------------------------
[ 2019-05-12T16:57:57+08:00 ] 0.0.0.0 GET /qipai/public/admin.php/admin/index
[ info ] localhost/qipai/public/admin.php/admin/index [运行时间：0.573966s][吞吐率：1.74req/s] [内存消耗：2,824.96kb] [文件加载：53]
[ info ] [ LANG ] C:\inetpub\wwwroot\qipai\thinkphp\lang\zh-cn.php
[ info ] [ ROUTE ] array (
  'type' => 'module',
  'module' => 
  array (
    0 => 'admin',
    1 => 'index',
    2 => NULL,
  ),
)
[ info ] [ HEADER ] array (
  'content-type' => '',
  'content-length' => '0',
  'upgrade-insecure-requests' => '1',
  'user-agent' => 'Mozilla/5.0 (Windows NT 10.0; Win64; x64) AppleWebKit/537.36 (KHTML, like Gecko) Chrome/74.0.3729.131 Safari/537.36',
  'host' => 'localhost',
  'cookie' => 'PHPSESSID=3vm5mgjg1eb2qodqv396f37elj',
  'accept-language' => 'en-US,en;q=0.9,zh-CN;q=0.8,zh;q=0.7',
  'accept-encoding' => 'gzip, deflate, br',
  'accept' => 'text/html,application/xhtml+xml,application/xml;q=0.9,image/webp,image/apng,*/*;q=0.8,application/signed-exchange;v=b3',
  'connection' => 'keep-alive',
  'cache-control' => 'max-age=0',
)
[ info ] [ PARAM ] array (
)
[ info ] [ SESSION ] INIT array (
  'id' => '',
  'var_session_id' => '',
  'prefix' => 'think',
  'type' => '',
  'auto_start' => true,
)
[ info ] [ RUN ] app\admin\controller\Index->index[ C:\inetpub\wwwroot\qipai\application\admin\controller\Index.php ]
[ info ] [ DB ] INIT mysql
[ info ] [ VIEW ] C:\inetpub\wwwroot\qipai\public/../application/admin\view\index\index.html [ array (
  0 => 'menu_tree',
  1 => 'config',
) ]
[ info ] [ LOG ] INIT File
[ sql ] [ DB ] CONNECT:[ UseTime:0.001884s ] mysql:host=127.0.0.1;port=3306;dbname=qipai;charset=utf8
[ sql ] [ SQL ] SELECT VERSION() AS ver [ RunTime:0.003442s ]
