---------------------------------------------------------------
[ 2019-05-15T08:54:05+08:00 ] 0.0.0.0 GET /qipai/public/index.php/admin/admin/index
[ info ] localhost/qipai/public/index.php/admin/admin/index [运行时间：2.418497s][吞吐率：0.41req/s] [内存消耗：3,136.02kb] [文件加载：58]
[ info ] [ LANG ] C:\inetpub\wwwroot\qipai\thinkphp\lang\zh-cn.php
[ info ] [ ROUTE ] array (
  'type' => 'module',
  'module' => 
  array (
    0 => 'admin',
    1 => 'admin',
    2 => 'index',
  ),
)
[ info ] [ HEADER ] array (
  'content-type' => '',
  'content-length' => '0',
  'upgrade-insecure-requests' => '1',
  'user-agent' => 'Mozilla/5.0 (Windows NT 10.0; Win64; x64) AppleWebKit/537.36 (KHTML, like Gecko) Chrome/74.0.3729.131 Safari/537.36',
  'host' => 'localhost',
  'cookie' => 'PHPSESSID=3vm5mgjg1eb2qodqv396f37elj',
  'accept-language' => 'en-US,en;q=0.9,zh-CN;q=0.8,zh;q=0.7',
  'accept-encoding' => 'gzip, deflate, br',
  'accept' => 'text/html,application/xhtml+xml,application/xml;q=0.9,image/webp,image/apng,*/*;q=0.8,application/signed-exchange;v=b3',
  'connection' => 'keep-alive',
  'cache-control' => 'max-age=0',
)
[ info ] [ PARAM ] array (
)
[ info ] [ SESSION ] INIT array (
  'id' => '',
  'var_session_id' => '',
  'prefix' => 'think',
  'type' => '',
  'auto_start' => true,
)
[ info ] [ RUN ] app\admin\controller\Admin->index[ C:\inetpub\wwwroot\qipai\application\admin\controller\Admin.php ]
[ info ] [ DB ] INIT \think\mongo\Connection
[ info ] [ VIEW ] C:\inetpub\wwwroot\qipai\public/../application/admin\view\admin\index.html [ array (
  0 => 'menu_tree',
  1 => 'data',
) ]
[ info ] [ LOG ] INIT File
[ sql ] [ DB ] CONNECT:[ UseTime:0.010259s ] 
[ sql ] [ Mongo ] db.count({"count":"admin","query":[],"limit":0}); [ RunTime:0.010180s ]
[ sql ] [ Mongo ] db.admin.find().limit(15); [ RunTime:0.001171s ]
[ error ] [0]类的属性不存在:app\admin\model\Admin->id[C:\inetpub\wwwroot\qipai\thinkphp\library\think\Model.php:624]
---------------------------------------------------------------
[ 2019-05-15T20:47:19+08:00 ] 0.0.0.0 GET /qipai/public/index.php/admin/admin/index
[ info ] localhost/qipai/public/index.php/admin/admin/index [运行时间：1.869158s][吞吐率：0.54req/s] [内存消耗：3,135.95kb] [文件加载：58]
[ info ] [ LANG ] C:\inetpub\wwwroot\qipai\thinkphp\lang\zh-cn.php
[ info ] [ ROUTE ] array (
  'type' => 'module',
  'module' => 
  array (
    0 => 'admin',
    1 => 'admin',
    2 => 'index',
  ),
)
[ info ] [ HEADER ] array (
  'content-type' => '',
  'content-length' => '0',
  'upgrade-insecure-requests' => '1',
  'user-agent' => 'Mozilla/5.0 (Windows NT 10.0; Win64; x64) AppleWebKit/537.36 (KHTML, like Gecko) Chrome/74.0.3729.131 Safari/537.36',
  'host' => 'localhost',
  'cookie' => 'PHPSESSID=3vm5mgjg1eb2qodqv396f37elj',
  'accept-language' => 'en-US,en;q=0.9,zh-CN;q=0.8,zh;q=0.7',
  'accept-encoding' => 'gzip, deflate, br',
  'accept' => 'text/html,application/xhtml+xml,application/xml;q=0.9,image/webp,image/apng,*/*;q=0.8,application/signed-exchange;v=b3',
  'connection' => 'keep-alive',
  'cache-control' => 'max-age=0',
)
[ info ] [ PARAM ] array (
)
[ info ] [ SESSION ] INIT array (
  'id' => '',
  'var_session_id' => '',
  'prefix' => 'think',
  'type' => '',
  'auto_start' => true,
)
[ info ] [ RUN ] app\admin\controller\Admin->index[ C:\inetpub\wwwroot\qipai\application\admin\controller\Admin.php ]
[ info ] [ DB ] INIT \think\mongo\Connection
[ info ] [ VIEW ] C:\inetpub\wwwroot\qipai\public/../application/admin\view\admin\index.html [ array (
  0 => 'menu_tree',
  1 => 'data',
) ]
[ info ] [ LOG ] INIT File
[ sql ] [ DB ] CONNECT:[ UseTime:0.008313s ] 
[ sql ] [ Mongo ] db.count({"count":"admin","query":[],"limit":0}); [ RunTime:0.006945s ]
[ sql ] [ Mongo ] db.admin.find().limit(15); [ RunTime:0.000704s ]
[ error ] [0]类的属性不存在:app\admin\model\Admin->username[C:\inetpub\wwwroot\qipai\thinkphp\library\think\Model.php:624]
---------------------------------------------------------------
[ 2019-05-15T20:52:06+08:00 ] 0.0.0.0 GET /qipai/public/index.php/admin/admin/index
[ info ] localhost/qipai/public/index.php/admin/admin/index [运行时间：123.489944s][吞吐率：0.01req/s] [内存消耗：3,139.23kb] [文件加载：55]
[ info ] [ LANG ] C:\inetpub\wwwroot\qipai\thinkphp\lang\zh-cn.php
[ info ] [ ROUTE ] array (
  'type' => 'module',
  'module' => 
  array (
    0 => 'admin',
    1 => 'admin',
    2 => 'index',
  ),
)
[ info ] [ HEADER ] array (
  'content-type' => '',
  'content-length' => '0',
  'upgrade-insecure-requests' => '1',
  'user-agent' => 'Mozilla/5.0 (Windows NT 10.0; Win64; x64) AppleWebKit/537.36 (KHTML, like Gecko) Chrome/74.0.3729.131 Safari/537.36',
  'host' => 'localhost',
  'cookie' => 'PHPSESSID=3vm5mgjg1eb2qodqv396f37elj',
  'accept-language' => 'en-US,en;q=0.9,zh-CN;q=0.8,zh;q=0.7',
  'accept-encoding' => 'gzip, deflate, br',
  'accept' => 'text/html,application/xhtml+xml,application/xml;q=0.9,image/webp,image/apng,*/*;q=0.8,application/signed-exchange;v=b3',
  'connection' => 'keep-alive',
  'cache-control' => 'max-age=0',
)
[ info ] [ PARAM ] array (
)
[ info ] [ SESSION ] INIT array (
  'id' => '',
  'var_session_id' => '',
  'prefix' => 'think',
  'type' => '',
  'auto_start' => true,
)
[ info ] [ RUN ] app\admin\controller\Admin->index[ C:\inetpub\wwwroot\qipai\application\admin\controller\Admin.php ]
[ info ] [ DB ] INIT \think\mongo\Connection
[ info ] [ VIEW ] C:\inetpub\wwwroot\qipai\public/../application/admin\view\admin\index.html [ array (
  0 => 'menu_tree',
  1 => 'data',
) ]
[ info ] [ LOG ] INIT File
[ sql ] [ DB ] CONNECT:[ UseTime:0.000016s ] 
[ sql ] [ Mongo ] db.count({"count":"admin","query":[],"limit":0}); [ RunTime:0.000568s ]
[ sql ] [ Mongo ] db.admin.find().limit(15); [ RunTime:0.000356s ]
---------------------------------------------------------------
[ 2019-05-15T20:52:07+08:00 ] 0.0.0.0 GET /qipai/public/index.php/admin/admin/favicon.ico
[ info ] localhost/qipai/public/index.php/admin/admin/favicon.ico [运行时间：0.475220s][吞吐率：2.10req/s] [内存消耗：2,387.93kb] [文件加载：48]
[ info ] [ LANG ] C:\inetpub\wwwroot\qipai\thinkphp\lang\zh-cn.php
[ info ] [ ROUTE ] array (
  'type' => 'module',
  'module' => 
  array (
    0 => 'admin',
    1 => 'admin',
    2 => 'favicon',
  ),
)
[ info ] [ HEADER ] array (
  'content-type' => '',
  'content-length' => '0',
  'user-agent' => 'Mozilla/5.0 (Windows NT 10.0; Win64; x64) AppleWebKit/537.36 (KHTML, like Gecko) Chrome/74.0.3729.131 Safari/537.36',
  'referer' => 'http://localhost/qipai/public/index.php/admin/admin/index',
  'host' => 'localhost',
  'cookie' => 'PHPSESSID=3vm5mgjg1eb2qodqv396f37elj',
  'accept-language' => 'en-US,en;q=0.9,zh-CN;q=0.8,zh;q=0.7',
  'accept-encoding' => 'gzip, deflate, br',
  'accept' => 'image/webp,image/apng,image/*,*/*;q=0.8',
  'pragma' => 'no-cache',
  'connection' => 'keep-alive',
  'cache-control' => 'no-cache',
)
[ info ] [ PARAM ] array (
)
[ info ] [ SESSION ] INIT array (
  'id' => '',
  'var_session_id' => '',
  'prefix' => 'think',
  'type' => '',
  'auto_start' => true,
)
[ info ] [ RUN ] app\admin\controller\Admin->_empty[ C:\inetpub\wwwroot\qipai\application\admin\controller\Admin.php ]
[ info ] [ LOG ] INIT File
---------------------------------------------------------------
[ 2019-05-15T20:52:08+08:00 ] 0.0.0.0 GET /qipai/public/index.php/admin/admin/index
[ info ] localhost/qipai/public/index.php/admin/admin/index [运行时间：0.887955s][吞吐率：1.13req/s] [内存消耗：3,135.29kb] [文件加载：58]
[ info ] [ LANG ] C:\inetpub\wwwroot\qipai\thinkphp\lang\zh-cn.php
[ info ] [ ROUTE ] array (
  'type' => 'module',
  'module' => 
  array (
    0 => 'admin',
    1 => 'admin',
    2 => 'index',
  ),
)
[ info ] [ HEADER ] array (
  'content-type' => '',
  'content-length' => '0',
  'user-agent' => 'Mozilla/5.0 (Windows NT 10.0; Win64; x64) AppleWebKit/537.36 (KHTML, like Gecko) Chrome/74.0.3729.131 Safari/537.36',
  'referer' => 'http://localhost/qipai/public/index.php/admin/admin/index',
  'host' => 'localhost',
  'cookie' => 'PHPSESSID=3vm5mgjg1eb2qodqv396f37elj',
  'accept-language' => 'en-US,en;q=0.9,zh-CN;q=0.8,zh;q=0.7',
  'accept-encoding' => 'gzip, deflate, br',
  'accept' => 'image/webp,image/apng,image/*,*/*;q=0.8',
  'pragma' => 'no-cache',
  'connection' => 'keep-alive',
  'cache-control' => 'no-cache',
)
[ info ] [ PARAM ] array (
)
[ info ] [ SESSION ] INIT array (
  'id' => '',
  'var_session_id' => '',
  'prefix' => 'think',
  'type' => '',
  'auto_start' => true,
)
[ info ] [ RUN ] app\admin\controller\Admin->index[ C:\inetpub\wwwroot\qipai\application\admin\controller\Admin.php ]
[ info ] [ DB ] INIT \think\mongo\Connection
[ info ] [ VIEW ] C:\inetpub\wwwroot\qipai\public/../application/admin\view\admin\index.html [ array (
  0 => 'menu_tree',
  1 => 'data',
) ]
[ info ] [ LOG ] INIT File
[ sql ] [ DB ] CONNECT:[ UseTime:0.000014s ] 
[ sql ] [ Mongo ] db.count({"count":"admin","query":[],"limit":0}); [ RunTime:0.000520s ]
[ sql ] [ Mongo ] db.admin.find().limit(15); [ RunTime:0.000306s ]
[ error ] [0]类的属性不存在:app\admin\model\Admin->username[C:\inetpub\wwwroot\qipai\thinkphp\library\think\Model.php:624]
---------------------------------------------------------------
[ 2019-05-15T21:03:10+08:00 ] 0.0.0.0 GET /qipai/public/index.php/admin/admin/index
[ info ] localhost/qipai/public/index.php/admin/admin/index [运行时间：1.880205s][吞吐率：0.53req/s] [内存消耗：3,135.95kb] [文件加载：58]
[ info ] [ LANG ] C:\inetpub\wwwroot\qipai\thinkphp\lang\zh-cn.php
[ info ] [ ROUTE ] array (
  'type' => 'module',
  'module' => 
  array (
    0 => 'admin',
    1 => 'admin',
    2 => 'index',
  ),
)
[ info ] [ HEADER ] array (
  'content-type' => '',
  'content-length' => '0',
  'upgrade-insecure-requests' => '1',
  'user-agent' => 'Mozilla/5.0 (Windows NT 10.0; Win64; x64) AppleWebKit/537.36 (KHTML, like Gecko) Chrome/74.0.3729.131 Safari/537.36',
  'host' => 'localhost',
  'cookie' => 'PHPSESSID=3vm5mgjg1eb2qodqv396f37elj',
  'accept-language' => 'en-US,en;q=0.9,zh-CN;q=0.8,zh;q=0.7',
  'accept-encoding' => 'gzip, deflate, br',
  'accept' => 'text/html,application/xhtml+xml,application/xml;q=0.9,image/webp,image/apng,*/*;q=0.8,application/signed-exchange;v=b3',
  'connection' => 'keep-alive',
  'cache-control' => 'max-age=0',
)
[ info ] [ PARAM ] array (
)
[ info ] [ SESSION ] INIT array (
  'id' => '',
  'var_session_id' => '',
  'prefix' => 'think',
  'type' => '',
  'auto_start' => true,
)
[ info ] [ RUN ] app\admin\controller\Admin->index[ C:\inetpub\wwwroot\qipai\application\admin\controller\Admin.php ]
[ info ] [ DB ] INIT \think\mongo\Connection
[ info ] [ VIEW ] C:\inetpub\wwwroot\qipai\public/../application/admin\view\admin\index.html [ array (
  0 => 'menu_tree',
  1 => 'data',
) ]
[ info ] [ LOG ] INIT File
[ sql ] [ DB ] CONNECT:[ UseTime:0.008607s ] 
[ sql ] [ Mongo ] db.count({"count":"admin","query":[],"limit":0}); [ RunTime:0.003544s ]
[ sql ] [ Mongo ] db.admin.find().limit(15); [ RunTime:0.000464s ]
[ error ] [0]类的属性不存在:app\admin\model\Admin->username[C:\inetpub\wwwroot\qipai\thinkphp\library\think\Model.php:624]
---------------------------------------------------------------
[ 2019-05-15T21:03:15+08:00 ] 0.0.0.0 GET /qipai/public/index.php/admin/admin/index
[ info ] localhost/qipai/public/index.php/admin/admin/index [运行时间：0.870504s][吞吐率：1.15req/s] [内存消耗：3,135.27kb] [文件加载：58]
[ info ] [ LANG ] C:\inetpub\wwwroot\qipai\thinkphp\lang\zh-cn.php
[ info ] [ ROUTE ] array (
  'type' => 'module',
  'module' => 
  array (
    0 => 'admin',
    1 => 'admin',
    2 => 'index',
  ),
)
[ info ] [ HEADER ] array (
  'content-type' => '',
  'content-length' => '0',
  'upgrade-insecure-requests' => '1',
  'user-agent' => 'Mozilla/5.0 (Windows NT 10.0; Win64; x64) AppleWebKit/537.36 (KHTML, like Gecko) Chrome/74.0.3729.131 Safari/537.36',
  'host' => 'localhost',
  'cookie' => 'PHPSESSID=3vm5mgjg1eb2qodqv396f37elj',
  'accept-language' => 'en-US,en;q=0.9,zh-CN;q=0.8,zh;q=0.7',
  'accept-encoding' => 'gzip, deflate, br',
  'accept' => 'text/html,application/xhtml+xml,application/xml;q=0.9,image/webp,image/apng,*/*;q=0.8,application/signed-exchange;v=b3',
  'connection' => 'keep-alive',
  'cache-control' => 'max-age=0',
)
[ info ] [ PARAM ] array (
)
[ info ] [ SESSION ] INIT array (
  'id' => '',
  'var_session_id' => '',
  'prefix' => 'think',
  'type' => '',
  'auto_start' => true,
)
[ info ] [ RUN ] app\admin\controller\Admin->index[ C:\inetpub\wwwroot\qipai\application\admin\controller\Admin.php ]
[ info ] [ DB ] INIT \think\mongo\Connection
[ info ] [ VIEW ] C:\inetpub\wwwroot\qipai\public/../application/admin\view\admin\index.html [ array (
  0 => 'menu_tree',
  1 => 'data',
) ]
[ info ] [ LOG ] INIT File
[ sql ] [ DB ] CONNECT:[ UseTime:0.000011s ] 
[ sql ] [ Mongo ] db.count({"count":"admin","query":[],"limit":0}); [ RunTime:0.000357s ]
[ sql ] [ Mongo ] db.admin.find().limit(15); [ RunTime:0.000257s ]
[ error ] [0]类的属性不存在:app\admin\model\Admin->username[C:\inetpub\wwwroot\qipai\thinkphp\library\think\Model.php:624]
---------------------------------------------------------------
[ 2019-05-15T21:04:52+08:00 ] 0.0.0.0 GET /qipai/public/index.php/admin/admin/index
[ info ] localhost/qipai/public/index.php/admin/admin/index [运行时间：0.870526s][吞吐率：1.15req/s] [内存消耗：3,135.27kb] [文件加载：58]
[ info ] [ LANG ] C:\inetpub\wwwroot\qipai\thinkphp\lang\zh-cn.php
[ info ] [ ROUTE ] array (
  'type' => 'module',
  'module' => 
  array (
    0 => 'admin',
    1 => 'admin',
    2 => 'index',
  ),
)
[ info ] [ HEADER ] array (
  'content-type' => '',
  'content-length' => '0',
  'upgrade-insecure-requests' => '1',
  'user-agent' => 'Mozilla/5.0 (Windows NT 10.0; Win64; x64) AppleWebKit/537.36 (KHTML, like Gecko) Chrome/74.0.3729.131 Safari/537.36',
  'host' => 'localhost',
  'cookie' => 'PHPSESSID=3vm5mgjg1eb2qodqv396f37elj',
  'accept-language' => 'en-US,en;q=0.9,zh-CN;q=0.8,zh;q=0.7',
  'accept-encoding' => 'gzip, deflate, br',
  'accept' => 'text/html,application/xhtml+xml,application/xml;q=0.9,image/webp,image/apng,*/*;q=0.8,application/signed-exchange;v=b3',
  'connection' => 'keep-alive',
  'cache-control' => 'max-age=0',
)
[ info ] [ PARAM ] array (
)
[ info ] [ SESSION ] INIT array (
  'id' => '',
  'var_session_id' => '',
  'prefix' => 'think',
  'type' => '',
  'auto_start' => true,
)
[ info ] [ RUN ] app\admin\controller\Admin->index[ C:\inetpub\wwwroot\qipai\application\admin\controller\Admin.php ]
[ info ] [ DB ] INIT \think\mongo\Connection
[ info ] [ VIEW ] C:\inetpub\wwwroot\qipai\public/../application/admin\view\admin\index.html [ array (
  0 => 'menu_tree',
  1 => 'data',
) ]
[ info ] [ LOG ] INIT File
[ sql ] [ DB ] CONNECT:[ UseTime:0.000013s ] 
[ sql ] [ Mongo ] db.count({"count":"admin","query":[],"limit":0}); [ RunTime:0.000587s ]
[ sql ] [ Mongo ] db.admin.find().limit(15); [ RunTime:0.000320s ]
[ error ] [0]类的属性不存在:app\admin\model\Admin->username[C:\inetpub\wwwroot\qipai\thinkphp\library\think\Model.php:624]
---------------------------------------------------------------
[ 2019-05-15T21:10:42+08:00 ] 0.0.0.0 GET /qipai/public/index.php/admin/admin/index
[ info ] localhost/qipai/public/index.php/admin/admin/index [运行时间：0.912584s][吞吐率：1.10req/s] [内存消耗：3,135.73kb] [文件加载：58]
[ info ] [ LANG ] C:\inetpub\wwwroot\qipai\thinkphp\lang\zh-cn.php
[ info ] [ ROUTE ] array (
  'type' => 'module',
  'module' => 
  array (
    0 => 'admin',
    1 => 'admin',
    2 => 'index',
  ),
)
[ info ] [ HEADER ] array (
  'content-type' => '',
  'content-length' => '0',
  'upgrade-insecure-requests' => '1',
  'user-agent' => 'Mozilla/5.0 (Windows NT 10.0; Win64; x64) AppleWebKit/537.36 (KHTML, like Gecko) Chrome/74.0.3729.131 Safari/537.36',
  'host' => 'localhost',
  'cookie' => 'PHPSESSID=3vm5mgjg1eb2qodqv396f37elj',
  'accept-language' => 'en-US,en;q=0.9,zh-CN;q=0.8,zh;q=0.7',
  'accept-encoding' => 'gzip, deflate, br',
  'accept' => 'text/html,application/xhtml+xml,application/xml;q=0.9,image/webp,image/apng,*/*;q=0.8,application/signed-exchange;v=b3',
  'connection' => 'keep-alive',
  'cache-control' => 'max-age=0',
)
[ info ] [ PARAM ] array (
)
[ info ] [ SESSION ] INIT array (
  'id' => '',
  'var_session_id' => '',
  'prefix' => 'think',
  'type' => '',
  'auto_start' => true,
)
[ info ] [ RUN ] app\admin\controller\Admin->index[ C:\inetpub\wwwroot\qipai\application\admin\controller\Admin.php ]
[ info ] [ DB ] INIT \think\mongo\Connection
[ info ] [ VIEW ] C:\inetpub\wwwroot\qipai\public/../application/admin\view\admin\index.html [ array (
  0 => 'menu_tree',
  1 => 'data',
) ]
[ info ] [ LOG ] INIT File
[ sql ] [ DB ] CONNECT:[ UseTime:0.000017s ] 
[ sql ] [ Mongo ] db.count({"count":"admin","query":[],"limit":0}); [ RunTime:0.000530s ]
[ sql ] [ Mongo ] db.admin.find().limit(15); [ RunTime:0.000281s ]
[ error ] [0]类的属性不存在:app\admin\model\Admin->username[C:\inetpub\wwwroot\qipai\thinkphp\library\think\Model.php:624]
---------------------------------------------------------------
[ 2019-05-15T21:15:52+08:00 ] 0.0.0.0 GET /qipai/public/index.php/admin/admin/index
[ info ] localhost/qipai/public/index.php/admin/admin/index [运行时间：1.673782s][吞吐率：0.60req/s] [内存消耗：3,135.73kb] [文件加载：58]
[ info ] [ LANG ] C:\inetpub\wwwroot\qipai\thinkphp\lang\zh-cn.php
[ info ] [ ROUTE ] array (
  'type' => 'module',
  'module' => 
  array (
    0 => 'admin',
    1 => 'admin',
    2 => 'index',
  ),
)
[ info ] [ HEADER ] array (
  'content-type' => '',
  'content-length' => '0',
  'upgrade-insecure-requests' => '1',
  'user-agent' => 'Mozilla/5.0 (Windows NT 10.0; Win64; x64) AppleWebKit/537.36 (KHTML, like Gecko) Chrome/74.0.3729.131 Safari/537.36',
  'host' => 'localhost',
  'cookie' => 'PHPSESSID=3vm5mgjg1eb2qodqv396f37elj',
  'accept-language' => 'en-US,en;q=0.9,zh-CN;q=0.8,zh;q=0.7',
  'accept-encoding' => 'gzip, deflate, br',
  'accept' => 'text/html,application/xhtml+xml,application/xml;q=0.9,image/webp,image/apng,*/*;q=0.8,application/signed-exchange;v=b3',
  'connection' => 'keep-alive',
  'cache-control' => 'max-age=0',
)
[ info ] [ PARAM ] array (
)
[ info ] [ SESSION ] INIT array (
  'id' => '',
  'var_session_id' => '',
  'prefix' => 'think',
  'type' => '',
  'auto_start' => true,
)
[ info ] [ RUN ] app\admin\controller\Admin->index[ C:\inetpub\wwwroot\qipai\application\admin\controller\Admin.php ]
[ info ] [ DB ] INIT \think\mongo\Connection
[ info ] [ VIEW ] C:\inetpub\wwwroot\qipai\public/../application/admin\view\admin\index.html [ array (
  0 => 'menu_tree',
  1 => 'data',
) ]
[ info ] [ LOG ] INIT File
[ sql ] [ DB ] CONNECT:[ UseTime:0.000017s ] 
[ sql ] [ Mongo ] db.count({"count":"admin","query":[],"limit":0}); [ RunTime:0.000639s ]
[ sql ] [ Mongo ] db.admin.find().limit(15); [ RunTime:0.000390s ]
[ error ] [0]类的属性不存在:app\admin\model\Admin->username[C:\inetpub\wwwroot\qipai\thinkphp\library\think\Model.php:624]
---------------------------------------------------------------
[ 2019-05-15T21:17:54+08:00 ] 0.0.0.0 GET /qipai/public/index.php/admin/index/index
[ info ] localhost/qipai/public/index.php/admin/index/index [运行时间：0.898701s][吞吐率：1.11req/s] [内存消耗：2,430.62kb] [文件加载：50]
[ info ] [ LANG ] C:\inetpub\wwwroot\qipai\thinkphp\lang\zh-cn.php
[ info ] [ ROUTE ] array (
  'type' => 'module',
  'module' => 
  array (
    0 => 'admin',
    1 => 'index',
    2 => 'index',
  ),
)
[ info ] [ HEADER ] array (
  'content-type' => '',
  'content-length' => '0',
  'upgrade-insecure-requests' => '1',
  'user-agent' => 'Mozilla/5.0 (Windows NT 10.0; Win64; x64) AppleWebKit/537.36 (KHTML, like Gecko) Chrome/74.0.3729.131 Safari/537.36',
  'host' => 'localhost',
  'cookie' => 'PHPSESSID=3vm5mgjg1eb2qodqv396f37elj',
  'accept-language' => 'en-US,en;q=0.9,zh-CN;q=0.8,zh;q=0.7',
  'accept-encoding' => 'gzip, deflate, br',
  'accept' => 'text/html,application/xhtml+xml,application/xml;q=0.9,image/webp,image/apng,*/*;q=0.8,application/signed-exchange;v=b3',
  'connection' => 'keep-alive',
)
[ info ] [ PARAM ] array (
)
[ info ] [ SESSION ] INIT array (
  'id' => '',
  'var_session_id' => '',
  'prefix' => 'think',
  'type' => '',
  'auto_start' => true,
)
[ info ] [ RUN ] app\admin\controller\Index->index[ C:\inetpub\wwwroot\qipai\application\admin\controller\Index.php ]
[ info ] [ DB ] INIT \think\mongo\Connection
[ info ] [ LOG ] INIT File
[ error ] [0]类型错误: Too few arguments to function think\mongo\Connection::query(), 1 passed and at least 2 expected[C:\inetpub\wwwroot\qipai\vendor\topthink\think-mongo\src\Connection.php:273]
---------------------------------------------------------------
[ 2019-05-15T21:17:58+08:00 ] 0.0.0.0 GET /qipai/public/index.php/admin/index/index
[ info ] localhost/qipai/public/index.php/admin/index/index [运行时间：0.847984s][吞吐率：1.18req/s] [内存消耗：2,430.62kb] [文件加载：50]
[ info ] [ LANG ] C:\inetpub\wwwroot\qipai\thinkphp\lang\zh-cn.php
[ info ] [ ROUTE ] array (
  'type' => 'module',
  'module' => 
  array (
    0 => 'admin',
    1 => 'index',
    2 => 'index',
  ),
)
[ info ] [ HEADER ] array (
  'content-type' => '',
  'content-length' => '0',
  'upgrade-insecure-requests' => '1',
  'user-agent' => 'Mozilla/5.0 (Windows NT 10.0; Win64; x64) AppleWebKit/537.36 (KHTML, like Gecko) Chrome/74.0.3729.131 Safari/537.36',
  'host' => 'localhost',
  'cookie' => 'PHPSESSID=3vm5mgjg1eb2qodqv396f37elj',
  'accept-language' => 'en-US,en;q=0.9,zh-CN;q=0.8,zh;q=0.7',
  'accept-encoding' => 'gzip, deflate, br',
  'accept' => 'text/html,application/xhtml+xml,application/xml;q=0.9,image/webp,image/apng,*/*;q=0.8,application/signed-exchange;v=b3',
  'connection' => 'keep-alive',
)
[ info ] [ PARAM ] array (
)
[ info ] [ SESSION ] INIT array (
  'id' => '',
  'var_session_id' => '',
  'prefix' => 'think',
  'type' => '',
  'auto_start' => true,
)
[ info ] [ RUN ] app\admin\controller\Index->index[ C:\inetpub\wwwroot\qipai\application\admin\controller\Index.php ]
[ info ] [ DB ] INIT \think\mongo\Connection
[ info ] [ LOG ] INIT File
[ error ] [0]类型错误: Too few arguments to function think\mongo\Connection::query(), 1 passed and at least 2 expected[C:\inetpub\wwwroot\qipai\vendor\topthink\think-mongo\src\Connection.php:273]
---------------------------------------------------------------
[ 2019-05-15T21:18:06+08:00 ] 0.0.0.0 GET /qipai/public/index.php/admin/admin/index
[ info ] localhost/qipai/public/index.php/admin/admin/index [运行时间：0.948951s][吞吐率：1.05req/s] [内存消耗：3,136.45kb] [文件加载：58]
[ info ] [ LANG ] C:\inetpub\wwwroot\qipai\thinkphp\lang\zh-cn.php
[ info ] [ ROUTE ] array (
  'type' => 'module',
  'module' => 
  array (
    0 => 'admin',
    1 => 'admin',
    2 => 'index',
  ),
)
[ info ] [ HEADER ] array (
  'content-type' => '',
  'content-length' => '0',
  'upgrade-insecure-requests' => '1',
  'user-agent' => 'Mozilla/5.0 (Windows NT 10.0; Win64; x64) AppleWebKit/537.36 (KHTML, like Gecko) Chrome/74.0.3729.131 Safari/537.36',
  'host' => 'localhost',
  'cookie' => 'PHPSESSID=3vm5mgjg1eb2qodqv396f37elj',
  'accept-language' => 'en-US,en;q=0.9,zh-CN;q=0.8,zh;q=0.7',
  'accept-encoding' => 'gzip, deflate, br',
  'accept' => 'text/html,application/xhtml+xml,application/xml;q=0.9,image/webp,image/apng,*/*;q=0.8,application/signed-exchange;v=b3',
  'connection' => 'keep-alive',
)
[ info ] [ PARAM ] array (
)
[ info ] [ SESSION ] INIT array (
  'id' => '',
  'var_session_id' => '',
  'prefix' => 'think',
  'type' => '',
  'auto_start' => true,
)
[ info ] [ RUN ] app\admin\controller\Admin->index[ C:\inetpub\wwwroot\qipai\application\admin\controller\Admin.php ]
[ info ] [ DB ] INIT \think\mongo\Connection
[ info ] [ VIEW ] C:\inetpub\wwwroot\qipai\public/../application/admin\view\admin\index.html [ array (
  0 => 'menu_tree',
  1 => 'data',
) ]
[ info ] [ LOG ] INIT File
[ sql ] [ DB ] CONNECT:[ UseTime:0.000017s ] 
[ sql ] [ Mongo ] db.count({"count":"admin","query":[],"limit":0}); [ RunTime:0.000785s ]
[ sql ] [ Mongo ] db.admin.find().limit(15); [ RunTime:0.000478s ]
[ error ] [0]类的属性不存在:app\admin\model\Admin->username[C:\inetpub\wwwroot\qipai\thinkphp\library\think\Model.php:624]
---------------------------------------------------------------
[ 2019-05-15T21:24:59+08:00 ] 0.0.0.0 GET /qipai/public/index.php/admin/admin/index
[ info ] localhost/qipai/public/index.php/admin/admin/index [运行时间：0.914548s][吞吐率：1.09req/s] [内存消耗：3,139.06kb] [文件加载：58]
[ info ] [ LANG ] C:\inetpub\wwwroot\qipai\thinkphp\lang\zh-cn.php
[ info ] [ ROUTE ] array (
  'type' => 'module',
  'module' => 
  array (
    0 => 'admin',
    1 => 'admin',
    2 => 'index',
  ),
)
[ info ] [ HEADER ] array (
  'content-type' => '',
  'content-length' => '0',
  'upgrade-insecure-requests' => '1',
  'user-agent' => 'Mozilla/5.0 (Windows NT 10.0; Win64; x64) AppleWebKit/537.36 (KHTML, like Gecko) Chrome/74.0.3729.131 Safari/537.36',
  'host' => 'localhost',
  'cookie' => 'PHPSESSID=3vm5mgjg1eb2qodqv396f37elj',
  'accept-language' => 'en-US,en;q=0.9,zh-CN;q=0.8,zh;q=0.7',
  'accept-encoding' => 'gzip, deflate, br',
  'accept' => 'text/html,application/xhtml+xml,application/xml;q=0.9,image/webp,image/apng,*/*;q=0.8,application/signed-exchange;v=b3',
  'connection' => 'keep-alive',
  'cache-control' => 'max-age=0',
)
[ info ] [ PARAM ] array (
)
[ info ] [ SESSION ] INIT array (
  'id' => '',
  'var_session_id' => '',
  'prefix' => 'think',
  'type' => '',
  'auto_start' => true,
)
[ info ] [ RUN ] app\admin\controller\Admin->index[ C:\inetpub\wwwroot\qipai\application\admin\controller\Admin.php ]
[ info ] [ DB ] INIT \think\mongo\Connection
[ info ] [ VIEW ] C:\inetpub\wwwroot\qipai\public/../application/admin\view\admin\index.html [ array (
  0 => 'menu_tree',
  1 => 'data',
) ]
[ info ] [ LOG ] INIT File
[ sql ] [ DB ] CONNECT:[ UseTime:0.000012s ] 
[ sql ] [ Mongo ] db.user.insert({"username":"admin","password":"e10adc3949ba59abbe56e057f20f883e","sex":"0","mobile":"18981009188","email":"lt1233@outlook.com","note":"\u81f3\u5c0a\u7ea7\u6743\u9650,\u5927\u8001\u677f\u7684\u4eab\u53d7.","groupid":"1","status":"0","create_time":"0000-00-00 00:00:00","update_time":"2018-11-15 15:05:51","coin":"1"}); [ RunTime:0.005314s ]
[ sql ] [ Mongo ] db.count({"count":"admin","query":[],"limit":0}); [ RunTime:0.000335s ]
[ sql ] [ Mongo ] db.admin.find().limit(15); [ RunTime:0.000249s ]
[ error ] [0]类的属性不存在:app\admin\model\Admin->username[C:\inetpub\wwwroot\qipai\thinkphp\library\think\Model.php:624]
---------------------------------------------------------------
[ 2019-05-15T21:25:43+08:00 ] 0.0.0.0 GET /qipai/public/index.php/admin/admin/index
[ info ] localhost/qipai/public/index.php/admin/admin/index [运行时间：0.467293s][吞吐率：2.14req/s] [内存消耗：3,102.45kb] [文件加载：56]
[ info ] [ LANG ] C:\inetpub\wwwroot\qipai\thinkphp\lang\zh-cn.php
[ info ] [ ROUTE ] array (
  'type' => 'module',
  'module' => 
  array (
    0 => 'admin',
    1 => 'admin',
    2 => 'index',
  ),
)
[ info ] [ HEADER ] array (
  'content-type' => '',
  'content-length' => '0',
  'upgrade-insecure-requests' => '1',
  'user-agent' => 'Mozilla/5.0 (Windows NT 10.0; Win64; x64) AppleWebKit/537.36 (KHTML, like Gecko) Chrome/74.0.3729.131 Safari/537.36',
  'host' => 'localhost',
  'cookie' => 'PHPSESSID=3vm5mgjg1eb2qodqv396f37elj',
  'accept-language' => 'en-US,en;q=0.9,zh-CN;q=0.8,zh;q=0.7',
  'accept-encoding' => 'gzip, deflate, br',
  'accept' => 'text/html,application/xhtml+xml,application/xml;q=0.9,image/webp,image/apng,*/*;q=0.8,application/signed-exchange;v=b3',
  'connection' => 'keep-alive',
  'cache-control' => 'max-age=0',
)
[ info ] [ PARAM ] array (
)
[ info ] [ SESSION ] INIT array (
  'id' => '',
  'var_session_id' => '',
  'prefix' => 'think',
  'type' => '',
  'auto_start' => true,
)
[ info ] [ RUN ] app\admin\controller\Admin->index[ C:\inetpub\wwwroot\qipai\application\admin\controller\Admin.php ]
[ info ] [ DB ] INIT \think\mongo\Connection
[ info ] [ VIEW ] C:\inetpub\wwwroot\qipai\public/../application/admin\view\admin\index.html [ array (
  0 => 'menu_tree',
  1 => 'data',
) ]
[ info ] [ LOG ] INIT File
[ sql ] [ DB ] CONNECT:[ UseTime:0.000013s ] 
[ sql ] [ Mongo ] db.user.insert({"username":"admin","password":"e10adc3949ba59abbe56e057f20f883e","sex":"0","mobile":"18981009188","email":"lt1233@outlook.com","note":"\u81f3\u5c0a\u7ea7\u6743\u9650,\u5927\u8001\u677f\u7684\u4eab\u53d7.","groupid":"1","status":"0","create_time":"0000-00-00 00:00:00","update_time":"2018-11-15 15:05:51","coin":"1"}); [ RunTime:0.000588s ]
[ sql ] [ Mongo ] db.count({"count":"admin","query":[],"limit":0}); [ RunTime:0.000319s ]
[ sql ] [ Mongo ] db.admin.find().limit(15); [ RunTime:0.000279s ]
---------------------------------------------------------------
[ 2019-05-15T21:25:44+08:00 ] 0.0.0.0 GET /qipai/public/index.php/admin/admin/favicon.ico
[ info ] localhost/qipai/public/index.php/admin/admin/favicon.ico [运行时间：0.471115s][吞吐率：2.12req/s] [内存消耗：2,389.81kb] [文件加载：48]
[ info ] [ LANG ] C:\inetpub\wwwroot\qipai\thinkphp\lang\zh-cn.php
[ info ] [ ROUTE ] array (
  'type' => 'module',
  'module' => 
  array (
    0 => 'admin',
    1 => 'admin',
    2 => 'favicon',
  ),
)
[ info ] [ HEADER ] array (
  'content-type' => '',
  'content-length' => '0',
  'user-agent' => 'Mozilla/5.0 (Windows NT 10.0; Win64; x64) AppleWebKit/537.36 (KHTML, like Gecko) Chrome/74.0.3729.131 Safari/537.36',
  'referer' => 'http://localhost/qipai/public/index.php/admin/admin/index',
  'host' => 'localhost',
  'cookie' => 'PHPSESSID=3vm5mgjg1eb2qodqv396f37elj',
  'accept-language' => 'en-US,en;q=0.9,zh-CN;q=0.8,zh;q=0.7',
  'accept-encoding' => 'gzip, deflate, br',
  'accept' => 'image/webp,image/apng,image/*,*/*;q=0.8',
  'pragma' => 'no-cache',
  'connection' => 'keep-alive',
  'cache-control' => 'no-cache',
)
[ info ] [ PARAM ] array (
)
[ info ] [ SESSION ] INIT array (
  'id' => '',
  'var_session_id' => '',
  'prefix' => 'think',
  'type' => '',
  'auto_start' => true,
)
[ info ] [ RUN ] app\admin\controller\Admin->_empty[ C:\inetpub\wwwroot\qipai\application\admin\controller\Admin.php ]
[ info ] [ LOG ] INIT File
---------------------------------------------------------------
[ 2019-05-15T21:25:45+08:00 ] 0.0.0.0 GET /qipai/public/index.php/admin/admin/index
[ info ] localhost/qipai/public/index.php/admin/admin/index [运行时间：0.463149s][吞吐率：2.16req/s] [内存消耗：3,102.46kb] [文件加载：56]
[ info ] [ LANG ] C:\inetpub\wwwroot\qipai\thinkphp\lang\zh-cn.php
[ info ] [ ROUTE ] array (
  'type' => 'module',
  'module' => 
  array (
    0 => 'admin',
    1 => 'admin',
    2 => 'index',
  ),
)
[ info ] [ HEADER ] array (
  'content-type' => '',
  'content-length' => '0',
  'user-agent' => 'Mozilla/5.0 (Windows NT 10.0; Win64; x64) AppleWebKit/537.36 (KHTML, like Gecko) Chrome/74.0.3729.131 Safari/537.36',
  'referer' => 'http://localhost/qipai/public/index.php/admin/admin/index',
  'host' => 'localhost',
  'cookie' => 'PHPSESSID=3vm5mgjg1eb2qodqv396f37elj',
  'accept-language' => 'en-US,en;q=0.9,zh-CN;q=0.8,zh;q=0.7',
  'accept-encoding' => 'gzip, deflate, br',
  'accept' => 'image/webp,image/apng,image/*,*/*;q=0.8',
  'pragma' => 'no-cache',
  'connection' => 'keep-alive',
  'cache-control' => 'no-cache',
)
[ info ] [ PARAM ] array (
)
[ info ] [ SESSION ] INIT array (
  'id' => '',
  'var_session_id' => '',
  'prefix' => 'think',
  'type' => '',
  'auto_start' => true,
)
[ info ] [ RUN ] app\admin\controller\Admin->index[ C:\inetpub\wwwroot\qipai\application\admin\controller\Admin.php ]
[ info ] [ DB ] INIT \think\mongo\Connection
[ info ] [ VIEW ] C:\inetpub\wwwroot\qipai\public/../application/admin\view\admin\index.html [ array (
  0 => 'menu_tree',
  1 => 'data',
) ]
[ info ] [ LOG ] INIT File
[ sql ] [ DB ] CONNECT:[ UseTime:0.000029s ] 
[ sql ] [ Mongo ] db.user.insert({"username":"admin","password":"e10adc3949ba59abbe56e057f20f883e","sex":"0","mobile":"18981009188","email":"lt1233@outlook.com","note":"\u81f3\u5c0a\u7ea7\u6743\u9650,\u5927\u8001\u677f\u7684\u4eab\u53d7.","groupid":"1","status":"0","create_time":"0000-00-00 00:00:00","update_time":"2018-11-15 15:05:51","coin":"1"}); [ RunTime:0.000537s ]
[ sql ] [ Mongo ] db.count({"count":"admin","query":[],"limit":0}); [ RunTime:0.000593s ]
[ sql ] [ Mongo ] db.admin.find().limit(15); [ RunTime:0.000631s ]
---------------------------------------------------------------
[ 2019-05-15T21:26:48+08:00 ] 0.0.0.0 GET /qipai/public/index.php/admin/admin/index
[ info ] localhost/qipai/public/index.php/admin/admin/index [运行时间：20.180827s][吞吐率：0.05req/s] [内存消耗：2,841.28kb] [文件加载：49]
[ info ] [ LANG ] C:\inetpub\wwwroot\qipai\thinkphp\lang\zh-cn.php
[ info ] [ ROUTE ] array (
  'type' => 'module',
  'module' => 
  array (
    0 => 'admin',
    1 => 'admin',
    2 => 'index',
  ),
)
[ info ] [ HEADER ] array (
  'content-type' => '',
  'content-length' => '0',
  'upgrade-insecure-requests' => '1',
  'user-agent' => 'Mozilla/5.0 (Windows NT 10.0; Win64; x64) AppleWebKit/537.36 (KHTML, like Gecko) Chrome/74.0.3729.131 Safari/537.36',
  'host' => 'localhost',
  'cookie' => 'PHPSESSID=3vm5mgjg1eb2qodqv396f37elj',
  'accept-language' => 'en-US,en;q=0.9,zh-CN;q=0.8,zh;q=0.7',
  'accept-encoding' => 'gzip, deflate, br',
  'accept' => 'text/html,application/xhtml+xml,application/xml;q=0.9,image/webp,image/apng,*/*;q=0.8,application/signed-exchange;v=b3',
  'connection' => 'keep-alive',
  'cache-control' => 'max-age=0',
)
[ info ] [ PARAM ] array (
)
[ info ] [ SESSION ] INIT array (
  'id' => '',
  'var_session_id' => '',
  'prefix' => 'think',
  'type' => '',
  'auto_start' => true,
)
[ info ] [ RUN ] app\admin\controller\Admin->index[ C:\inetpub\wwwroot\qipai\application\admin\controller\Admin.php ]
[ info ] [ DB ] INIT \think\mongo\Connection
[ info ] [ LOG ] INIT File
